#
# A fatal error has been detected by the Java Runtime Environment:
#
#  EXCEPTION_ACCESS_VIOLATION (0xc0000005) at pc=0x00007ff9c217e0a9, pid=15668, tid=14720
#
# JRE version: OpenJDK Runtime Environment Microsoft-8035246 (17.0.8+7) (build 17.0.8+7-LTS)
# Java VM: OpenJDK 64-Bit Server VM Microsoft-8035246 (17.0.8+7-LTS, mixed mode, sharing, tiered, compressed oops, compressed class ptrs, g1 gc, windows-amd64)
# Problematic frame:
# V  [jvm.dll+0x2be0a9]
#
# No core dump will be written. Minidumps are not enabled by default on client versions of Windows
#
# If you would like to submit a bug report, please visit:
#   https://github.com/microsoft/openjdk/issues
#

---------------  S U M M A R Y ------------

Command Line: -XX:MaxMetaspaceSize=512m --add-opens=java.base/java.util=ALL-UNNAMED --add-opens=java.base/java.lang=ALL-UNNAMED --add-opens=java.base/java.lang.invoke=ALL-UNNAMED --add-opens=java.prefs/java.util.prefs=ALL-UNNAMED --add-opens=java.base/java.nio.charset=ALL-UNNAMED --add-opens=java.base/java.net=ALL-UNNAMED --add-opens=java.base/java.util.concurrent.atomic=ALL-UNNAMED -Xmx2048m -Dfile.encoding=windows-1252 -Duser.country=US -Duser.language=en -Duser.variant -javaagent:C:\Users\ISL\.gradle\wrapper\dists\gradle-8.3-all\6en3ugtfdg5xnpx44z4qbwgas\gradle-8.3\lib\agents\gradle-instrumentation-agent-8.3.jar org.gradle.launcher.daemon.bootstrap.GradleDaemon 8.3

Host: Intel(R) Core(TM) i5-8350U CPU @ 1.70GHz, 8 cores, 15G,  Windows 10 , 64 bit Build 19041 (10.0.19041.3636)
Time: Thu Jan 25 18:33:31 2024 Pakistan Standard Time elapsed time: 315.162206 seconds (0d 0h 5m 15s)

---------------  T H R E A D  ---------------

Current thread (0x00000235aaa22e60):  JavaThread "C2 CompilerThread0" daemon [_thread_in_native, id=14720, stack(0x000000c206600000,0x000000c206700000)]


Current CompileTask:
C2: 315162 14609   !   4       org.gradle.cache.internal.DefaultMultiProcessSafeIndexedCache::getIfPresent (25 bytes)

Stack: [0x000000c206600000,0x000000c206700000],  sp=0x000000c2066fb600,  free space=1005k
Native frames: (J=compiled Java code, j=interpreted, Vv=VM code, C=native code)
V  [jvm.dll+0x2be0a9]
V  [jvm.dll+0x21ba8b]
V  [jvm.dll+0x21944b]
V  [jvm.dll+0x1a56b6]
V  [jvm.dll+0x2291ea]
V  [jvm.dll+0x22724c]
V  [jvm.dll+0x7efd0c]
V  [jvm.dll+0x7ea13a]
V  [jvm.dll+0x67ad85]
C  [ucrtbase.dll+0x21bb2]
C  [KERNEL32.DLL+0x17344]
C  [ntdll.dll+0x526b1]


siginfo: EXCEPTION_ACCESS_VIOLATION (0xc0000005), reading address 0x0000000000000028


Register to memory mapping:

RIP=0x00007ff9c217e0a9 jvm.dll
RAX=0x00000235cd036ca0 points into unknown readable memory: 0x0000000000000000 | 00 00 00 00 00 00 00 00
RBX=0x00000000000019b5 is an unknown value
RCX=0x0 is NULL
RDX=0x0 is NULL
RSP=0x000000c2066fb600 is pointing into the stack for thread: 0x00000235aaa22e60
RBP=0x000000c2066fb670 is pointing into the stack for thread: 0x00000235aaa22e60
RSI=0x0 is NULL
RDI=0x000000000000004d is an unknown value
R8 =0x000000000000ffe0 is an unknown value
R9 =0x0 is NULL
R10=0x00007ffa1e4d0000 VCRUNTIME140.dll
R11=0x00000235cd036cc0 points into unknown readable memory: 0x0000000000000000 | 00 00 00 00 00 00 00 00
R12=0x0000000000000050 is an unknown value
R13=0x0 is NULL
R14=0x0 is NULL
R15=0x000000c2066fe820 is pointing into the stack for thread: 0x00000235aaa22e60


Registers:
RAX=0x00000235cd036ca0, RBX=0x00000000000019b5, RCX=0x0000000000000000, RDX=0x0000000000000000
RSP=0x000000c2066fb600, RBP=0x000000c2066fb670, RSI=0x0000000000000000, RDI=0x000000000000004d
R8 =0x000000000000ffe0, R9 =0x0000000000000000, R10=0x00007ffa1e4d0000, R11=0x00000235cd036cc0
R12=0x0000000000000050, R13=0x0000000000000000, R14=0x0000000000000000, R15=0x000000c2066fe820
RIP=0x00007ff9c217e0a9, EFLAGS=0x0000000000010202

Top of Stack: (sp=0x000000c2066fb600)
0x000000c2066fb600:   00000000000019b5 0000000000000000
0x000000c2066fb610:   000000c2066fe820 00007ff9c20e38d1
0x000000c2066fb620:   00000235aaa1bdb0 00007ff900002000
0x000000c2066fb630:   00000235cd036ca0 0000000000000000
0x000000c2066fb640:   0000000000000002 00000235ceb73080
0x000000c2066fb650:   0000000000000002 00000235aaa1bdb0
0x000000c2066fb660:   0000000000000000 0000000000000000
0x000000c2066fb670:   00000235aa4a5f30 000002358c5693f0
0x000000c2066fb680:   000000000000004d 00007ff9c2804c08
0x000000c2066fb690:   000000c2066fb7a0 00007ff9c20dba8b
0x000000c2066fb6a0:   000000c2066fe820 00007ff9c2804c08
0x000000c2066fb6b0:   000000c2066fe820 000000c2066fb7a0
0x000000c2066fb6c0:   0000023500000000 00007ff9c24db7fb
0x000000c2066fb6d0:   000000c20000000f 000000c2066fe820
0x000000c2066fb6e0:   000000c2066fb850 0000000000000000
0x000000c2066fb6f0:   0000023500000100 00007ff9c2804c08 

Instructions: (pc=0x00007ff9c217e0a9)
0x00007ff9c217dfa9:   3b d0 75 0b ff c1 41 3b c9 7c dc 48 8b c2 c3 33
0x00007ff9c217dfb9:   c0 c3 cc cc cc cc cc 48 89 5c 24 18 55 56 57 41
0x00007ff9c217dfc9:   55 41 57 48 8b ec 48 83 ec 70 65 48 8b 04 25 58
0x00007ff9c217dfd9:   00 00 00 48 8b f2 44 8b 05 d2 8b 90 00 4c 8b f9
0x00007ff9c217dfe9:   4a 8b 1c c0 b8 50 00 00 00 80 3c 18 00 75 05 e8
0x00007ff9c217dff9:   8b 6f 5d 00 b8 20 00 00 00 48 8b 04 18 48 8b 98
0x00007ff9c217e009:   38 02 00 00 48 89 5d b0 c7 45 b8 04 00 00 00 48
0x00007ff9c217e019:   8b 43 18 48 83 f8 df 76 18 4c 8d 05 37 a9 65 00
0x00007ff9c217e029:   ba 20 00 00 00 48 8b cb e8 5a eb de ff 48 8b 43
0x00007ff9c217e039:   18 48 8d 48 20 48 3b 4b 20 76 11 45 33 c0 48 8b
0x00007ff9c217e049:   cb 41 8d 50 20 e8 fd e8 de ff eb 04 48 89 4b 18
0x00007ff9c217e059:   44 8b 45 b8 33 d2 49 c1 e0 03 48 8b c8 48 89 45
0x00007ff9c217e069:   c0 e8 e3 80 5d 00 45 33 ed 48 8d 4d d0 44 89 6d
0x00007ff9c217e079:   c8 e8 01 59 56 00 41 8b 9f 40 02 00 00 41 2b 9f
0x00007ff9c217e089:   68 02 00 00 44 89 6d f0 3b 5d b8 72 0b 8b d3 48
0x00007ff9c217e099:   8d 4d b0 e8 6f b3 39 00 48 8b 45 c0 4c 89 2c d8
0x00007ff9c217e0a9:   8b 7e 28 8b df c1 eb 05 3b 5d d0 72 0b 8b d3 48
0x00007ff9c217e0b9:   8d 4d d0 e8 1f 59 56 00 48 8b 45 d8 83 e7 1f 48
0x00007ff9c217e0c9:   8d 14 98 40 0f b6 cf 41 b8 01 00 00 00 41 d3 e0
0x00007ff9c217e0d9:   8b 0a 8b c1 41 0b c0 89 02 41 85 c8 75 21 8b 5d
0x00007ff9c217e0e9:   c8 8d 43 01 89 45 c8 3b 5d b8 72 0b 8b d3 48 8d
0x00007ff9c217e0f9:   4d b0 e8 10 b3 39 00 48 8b 45 c0 48 89 34 d8 44
0x00007ff9c217e109:   39 6d c8 0f 86 77 01 00 00 4c 89 a4 24 a0 00 00
0x00007ff9c217e119:   00 4c 89 b4 24 a8 00 00 00 48 8b 45 c0 41 8b cd
0x00007ff9c217e129:   48 8b 34 c8 8b 46 2c 25 ff 1f 00 00 3d 04 10 00
0x00007ff9c217e139:   00 0f 85 a7 00 00 00 bb 01 00 00 00 39 5e 18 76
0x00007ff9c217e149:   39 66 0f 1f 44 00 00 48 8b 46 08 8b cb 48 8b 14
0x00007ff9c217e159:   c8 48 85 d2 74 1d 48 83 7a 10 00 74 16 80 7a 2c
0x00007ff9c217e169:   84 74 10 e8 7f 7e ee ff 48 8b d0 49 8b cf e8 a4
0x00007ff9c217e179:   61 f6 ff ff c3 3b 5e 18 72 cd 48 8b 5e 10 8b 46
0x00007ff9c217e189:   20 4c 8d 34 c3 49 3b de 73 54 48 8b 3b 8b 47 2c
0x00007ff9c217e199:   83 e0 03 3c 03 75 2e 48 8b 07 48 8b cf ff 90 88 


Stack slot to memory mapping:
stack at sp + 0 slots: 0x00000000000019b5 is an unknown value
stack at sp + 1 slots: 0x0 is NULL
stack at sp + 2 slots: 0x000000c2066fe820 is pointing into the stack for thread: 0x00000235aaa22e60
stack at sp + 3 slots: 0x00007ff9c20e38d1 jvm.dll
stack at sp + 4 slots: 0x00000235aaa1bdb0 points into unknown readable memory: 0x0000023500000006 | 06 00 00 00 35 02 00 00
stack at sp + 5 slots: 0x00007ff900002000 is an unknown value
stack at sp + 6 slots: 0x00000235cd036ca0 points into unknown readable memory: 0x0000000000000000 | 00 00 00 00 00 00 00 00
stack at sp + 7 slots: 0x0 is NULL


---------------  P R O C E S S  ---------------

Threads class SMR info:
_java_thread_list=0x00000235ce5ef940, length=85, elements={
0x000002358c552140, 0x00000235aa4ae5f0, 0x00000235aaa09190, 0x00000235aaa1cef0,
0x00000235aaa1fc80, 0x00000235aaa217b0, 0x00000235aaa22170, 0x00000235aaa22e60,
0x00000235aaa2ee20, 0x00000235aaa50010, 0x00000235aab4e410, 0x00000235aab4e920,
0x00000235aab4b170, 0x00000235aab4b680, 0x00000235aab4cac0, 0x00000235cb0962b0,
0x00000235cb0971e0, 0x00000235cb095380, 0x00000235cb098620, 0x00000235cb095890,
0x00000235cb0976f0, 0x00000235cdb52390, 0x00000235cdb541f0, 0x00000235cdb528a0,
0x00000235cdb54700, 0x00000235cdb50f50, 0x00000235cdb52db0, 0x00000235cdb4d290,
0x00000235cdb4dcb0, 0x00000235cdb4ebe0, 0x00000235cdb51e80, 0x00000235d029c160,
0x00000235d029c670, 0x00000235d029dfc0, 0x00000235d029fe20, 0x00000235cc2597d0,
0x00000235cc25ac10, 0x00000235cc257970, 0x00000235cd2013a0, 0x00000235cd1ffa50,
0x00000235cd1fff60, 0x00000235cd203200, 0x00000235cd1fd6e0, 0x00000235cd1fd1d0,
0x00000235cd2018b0, 0x00000235cd1fe610, 0x00000235cd200470, 0x00000235cd201dc0,
0x00000235cd203710, 0x00000235cd1fc7b0, 0x00000235cd2027e0, 0x00000235d19035f0,
0x00000235d19030a0, 0x00000235cd1fc2a0, 0x00000235cd203c20, 0x00000235cd1fccc0,
0x00000235cd1ff030, 0x00000235cd1fe100, 0x00000235cd1feb20, 0x00000235cd1ff540,
0x00000235d0719ca0, 0x00000235d0718350, 0x00000235d0719280, 0x00000235d071b5f0,
0x00000235d0715fe0, 0x00000235d0718d70, 0x00000235d071a6c0, 0x00000235d071abd0,
0x00000235d0718860, 0x00000235d0716a00, 0x00000235d071b0e0, 0x00000235d071bb00,
0x00000235d0716f10, 0x00000235d071c010, 0x00000235d071c520, 0x00000235d071ca30,
0x00000235d0717930, 0x00000235d0717e40, 0x00000235d029f910, 0x00000235d029dab0,
0x00000235d02a0d50, 0x00000235d02a1c80, 0x00000235d029d5a0, 0x00000235d029cb80,
0x00000235d029f400
}

Java Threads: ( => current thread )
  0x000002358c552140 JavaThread "main" [_thread_blocked, id=13556, stack(0x000000c205900000,0x000000c205a00000)]
  0x00000235aa4ae5f0 JavaThread "Reference Handler" daemon [_thread_blocked, id=9308, stack(0x000000c206000000,0x000000c206100000)]
  0x00000235aaa09190 JavaThread "Finalizer" daemon [_thread_blocked, id=16944, stack(0x000000c206100000,0x000000c206200000)]
  0x00000235aaa1cef0 JavaThread "Signal Dispatcher" daemon [_thread_blocked, id=15436, stack(0x000000c206200000,0x000000c206300000)]
  0x00000235aaa1fc80 JavaThread "Attach Listener" daemon [_thread_blocked, id=5056, stack(0x000000c206300000,0x000000c206400000)]
  0x00000235aaa217b0 JavaThread "Service Thread" daemon [_thread_blocked, id=11516, stack(0x000000c206400000,0x000000c206500000)]
  0x00000235aaa22170 JavaThread "Monitor Deflation Thread" daemon [_thread_blocked, id=16772, stack(0x000000c206500000,0x000000c206600000)]
=>0x00000235aaa22e60 JavaThread "C2 CompilerThread0" daemon [_thread_in_native, id=14720, stack(0x000000c206600000,0x000000c206700000)]
  0x00000235aaa2ee20 JavaThread "C1 CompilerThread0" daemon [_thread_blocked, id=13824, stack(0x000000c206700000,0x000000c206800000)]
  0x00000235aaa50010 JavaThread "Sweeper thread" daemon [_thread_blocked, id=11996, stack(0x000000c206800000,0x000000c206900000)]
  0x00000235aab4e410 JavaThread "Common-Cleaner" daemon [_thread_blocked, id=11708, stack(0x000000c206900000,0x000000c206a00000)]
  0x00000235aab4e920 JavaThread "Notification Thread" daemon [_thread_blocked, id=10852, stack(0x000000c206a00000,0x000000c206b00000)]
  0x00000235aab4b170 JavaThread "Daemon health stats" [_thread_blocked, id=4356, stack(0x000000c207300000,0x000000c207400000)]
  0x00000235aab4b680 JavaThread "Incoming local TCP Connector on port 49494" [_thread_in_native, id=13024, stack(0x000000c206d00000,0x000000c206e00000)]
  0x00000235aab4cac0 JavaThread "Daemon periodic checks" [_thread_blocked, id=12956, stack(0x000000c207400000,0x000000c207500000)]
  0x00000235cb0962b0 JavaThread "Cache worker for journal cache (C:\Users\ISL\.gradle\caches\journal-1)" [_thread_blocked, id=5188, stack(0x000000c207c00000,0x000000c207d00000)]
  0x00000235cb0971e0 JavaThread "File lock request listener" [_thread_in_native, id=4276, stack(0x000000c207d00000,0x000000c207e00000)]
  0x00000235cb095380 JavaThread "Cache worker for file hash cache (C:\Users\ISL\.gradle\caches\8.3\fileHashes)" [_thread_blocked, id=10568, stack(0x000000c207e00000,0x000000c207f00000)]
  0x00000235cb098620 JavaThread "File watcher server" daemon [_thread_in_native, id=11816, stack(0x000000c208000000,0x000000c208100000)]
  0x00000235cb095890 JavaThread "File watcher consumer" daemon [_thread_blocked, id=9748, stack(0x000000c208100000,0x000000c208200000)]
  0x00000235cb0976f0 JavaThread "Cache worker for file content cache (C:\Users\ISL\.gradle\caches\8.3\fileContent)" [_thread_blocked, id=15484, stack(0x000000c208400000,0x000000c208500000)]
  0x00000235cdb52390 JavaThread "Cache worker for execution history cache (C:\Users\ISL\.gradle\caches\8.3\executionHistory)" [_thread_blocked, id=8708, stack(0x000000c208900000,0x000000c208a00000)]
  0x00000235cdb541f0 JavaThread "jar transforms" [_thread_blocked, id=17132, stack(0x000000c208b00000,0x000000c208c00000)]
  0x00000235cdb528a0 JavaThread "jar transforms Thread 2" [_thread_blocked, id=7636, stack(0x000000c208c00000,0x000000c208d00000)]
  0x00000235cdb54700 JavaThread "jar transforms Thread 3" [_thread_blocked, id=3900, stack(0x000000c208d00000,0x000000c208e00000)]
  0x00000235cdb50f50 JavaThread "jar transforms Thread 4" [_thread_blocked, id=6692, stack(0x000000c208e00000,0x000000c208f00000)]
  0x00000235cdb52db0 JavaThread "Cache worker for kotlin-dsl (C:\Users\ISL\.gradle\caches\8.3\kotlin-dsl)" [_thread_blocked, id=7512, stack(0x000000c208f00000,0x000000c209000000)]
  0x00000235cdb4d290 JavaThread "jar transforms Thread 5" [_thread_blocked, id=11716, stack(0x000000c209000000,0x000000c209100000)]
  0x00000235cdb4dcb0 JavaThread "jar transforms Thread 6" [_thread_blocked, id=3620, stack(0x000000c209100000,0x000000c209200000)]
  0x00000235cdb4ebe0 JavaThread "jar transforms Thread 7" [_thread_blocked, id=14624, stack(0x000000c209300000,0x000000c209400000)]
  0x00000235cdb51e80 JavaThread "jar transforms Thread 8" [_thread_blocked, id=16512, stack(0x000000c209400000,0x000000c209500000)]
  0x00000235d029c160 JavaThread "Memory manager" [_thread_blocked, id=1516, stack(0x000000c209500000,0x000000c209600000)]
  0x00000235d029c670 JavaThread "ForkJoinPool.commonPool-worker-1" daemon [_thread_blocked, id=4232, stack(0x000000c20a100000,0x000000c20a200000)]
  0x00000235d029dfc0 JavaThread "ForkJoinPool.commonPool-worker-2" daemon [_thread_blocked, id=13512, stack(0x000000c20a200000,0x000000c20a300000)]
  0x00000235d029fe20 JavaThread "ForkJoinPool.commonPool-worker-4" daemon [_thread_blocked, id=12484, stack(0x000000c20a400000,0x000000c20a500000)]
  0x00000235cc2597d0 JavaThread "Monitor" [_thread_in_native, id=12544, stack(0x000000c20fb00000,0x000000c20fc00000)]
  0x00000235cc25ac10 JavaThread "JdwpProxyConnection" [_thread_in_native, id=10032, stack(0x000000c20c200000,0x000000c20c300000)]
  0x00000235cc257970 JavaThread "Device List Monitor" [_thread_in_native, id=13236, stack(0x000000c20fc00000,0x000000c20fd00000)]
  0x00000235cd2013a0 JavaThread "Daemon Thread 2" [_thread_blocked, id=6992, stack(0x000000c205700000,0x000000c205800000)]
  0x00000235cd1ffa50 JavaThread "Handler for socket connection from /127.0.0.1:49494 to /127.0.0.1:49634" [_thread_in_native, id=17104, stack(0x000000c205800000,0x000000c205900000)]
  0x00000235cd1fff60 JavaThread "Cancel handler" [_thread_blocked, id=5592, stack(0x000000c206c00000,0x000000c206d00000)]
  0x00000235cd203200 JavaThread "Daemon worker Thread 2" [_thread_blocked, id=8920, stack(0x000000c207500000,0x000000c207600000)]
  0x00000235cd1fd6e0 JavaThread "Asynchronous log dispatcher for DefaultDaemonConnection: socket connection from /127.0.0.1:49494 to /127.0.0.1:49634" [_thread_blocked, id=10800, stack(0x000000c207600000,0x000000c207700000)]
  0x00000235cd1fd1d0 JavaThread "Stdin handler" [_thread_blocked, id=736, stack(0x000000c207700000,0x000000c207800000)]
  0x00000235cd2018b0 JavaThread "Daemon client event forwarder" [_thread_blocked, id=2880, stack(0x000000c207800000,0x000000c207900000)]
  0x00000235cd1fe610 JavaThread "Cache worker for checksums cache (C:\Users\ISL\Documents\biometricAuthentication\android\.gradle\8.3\checksums)" [_thread_blocked, id=7648, stack(0x000000c207b00000,0x000000c207c00000)]
  0x00000235cd200470 JavaThread "Cache worker for file hash cache (C:\Users\ISL\Documents\biometricAuthentication\android\.gradle\8.3\fileHashes)" [_thread_blocked, id=17144, stack(0x000000c207f00000,0x000000c208000000)]
  0x00000235cd201dc0 JavaThread "Cache worker for cache directory md-supplier (C:\Users\ISL\.gradle\caches\8.3\md-supplier)" [_thread_blocked, id=15932, stack(0x000000c208200000,0x000000c208300000)]
  0x00000235cd203710 JavaThread "Cache worker for cache directory md-rule (C:\Users\ISL\.gradle\caches\8.3\md-rule)" [_thread_blocked, id=10540, stack(0x000000c208300000,0x000000c208400000)]
  0x00000235cd1fc7b0 JavaThread "Unconstrained build operations" [_thread_blocked, id=13004, stack(0x000000c207900000,0x000000c207a00000)]
  0x00000235cd2027e0 JavaThread "Unconstrained build operations Thread 2" [_thread_blocked, id=10072, stack(0x000000c207a00000,0x000000c207b00000)]
  0x00000235d19035f0 JavaThread "C2 CompilerThread1" daemon [_thread_in_native, id=14876, stack(0x000000c208800000,0x000000c208900000)]
  0x00000235d19030a0 JavaThread "C2 CompilerThread2" daemon [_thread_in_native, id=15440, stack(0x000000c208a00000,0x000000c208b00000)]
  0x00000235cd1fc2a0 JavaThread "Cache worker for dependencies-accessors (C:\Users\ISL\Documents\biometricAuthentication\android\.gradle\8.3\dependencies-accessors)" [_thread_blocked, id=1820, stack(0x000000c209200000,0x000000c209300000)]
  0x00000235cd203c20 JavaThread "Cache worker for Build Output Cleanup Cache (C:\Users\ISL\Documents\biometricAuthentication\node_modules\@react-native\gradle-plugin\.gradle\buildOutputCleanup)" [_thread_blocked, id=11144, stack(0x000000c209600000,0x000000c209700000)]
  0x00000235cd1fccc0 JavaThread "Unconstrained build operations Thread 3" [_thread_blocked, id=8856, stack(0x000000c209700000,0x000000c209800000)]
  0x00000235cd1ff030 JavaThread "Unconstrained build operations Thread 4" [_thread_blocked, id=6984, stack(0x000000c209800000,0x000000c209900000)]
  0x00000235cd1fe100 JavaThread "Unconstrained build operations Thread 5" [_thread_blocked, id=11152, stack(0x000000c209900000,0x000000c209a00000)]
  0x00000235cd1feb20 JavaThread "Unconstrained build operations Thread 6" [_thread_blocked, id=8960, stack(0x000000c209a00000,0x000000c209b00000)]
  0x00000235cd1ff540 JavaThread "Unconstrained build operations Thread 7" [_thread_blocked, id=11608, stack(0x000000c209b00000,0x000000c209c00000)]
  0x00000235d0719ca0 JavaThread "Unconstrained build operations Thread 8" [_thread_blocked, id=16740, stack(0x000000c209c00000,0x000000c209d00000)]
  0x00000235d0718350 JavaThread "Unconstrained build operations Thread 9" [_thread_blocked, id=14400, stack(0x000000c209d00000,0x000000c209e00000)]
  0x00000235d0719280 JavaThread "Cache worker for Build Output Cleanup Cache (C:\Users\ISL\Documents\biometricAuthentication\android\.gradle\buildOutputCleanup)" [_thread_blocked, id=11744, stack(0x000000c209e00000,0x000000c209f00000)]
  0x00000235d071b5f0 JavaThread "ForkJoinPool.commonPool-worker-8" daemon [_thread_blocked, id=4568, stack(0x000000c209f00000,0x000000c20a000000)]
  0x00000235d0715fe0 JavaThread "ForkJoinPool.commonPool-worker-10" daemon [_thread_blocked, id=6336, stack(0x000000c20a000000,0x000000c20a100000)]
  0x00000235d0718d70 JavaThread "ForkJoinPool.commonPool-worker-9" daemon [_thread_blocked, id=1440, stack(0x000000c20a300000,0x000000c20a400000)]
  0x00000235d071a6c0 JavaThread "ForkJoinPool.commonPool-worker-11" daemon [_thread_blocked, id=16160, stack(0x000000c20a500000,0x000000c20a600000)]
  0x00000235d071abd0 JavaThread "included builds" [_thread_blocked, id=12012, stack(0x000000c20a600000,0x000000c20a700000)]
  0x00000235d0718860 JavaThread "Execution worker" [_thread_in_vm, id=7768, stack(0x000000c20a700000,0x000000c20a800000)]
  0x00000235d0716a00 JavaThread "Execution worker Thread 2" [_thread_blocked, id=11636, stack(0x000000c20a800000,0x000000c20a900000)]
  0x00000235d071b0e0 JavaThread "Execution worker Thread 3" [_thread_blocked, id=14696, stack(0x000000c20a900000,0x000000c20aa00000)]
  0x00000235d071bb00 JavaThread "Execution worker Thread 4" [_thread_blocked, id=13984, stack(0x000000c20aa00000,0x000000c20ab00000)]
  0x00000235d0716f10 JavaThread "Execution worker Thread 5" [_thread_blocked, id=13664, stack(0x000000c20ab00000,0x000000c20ac00000)]
  0x00000235d071c010 JavaThread "Execution worker Thread 6" [_thread_blocked, id=9260, stack(0x000000c20ac00000,0x000000c20ad00000)]
  0x00000235d071c520 JavaThread "Execution worker Thread 7" [_thread_blocked, id=13380, stack(0x000000c20ad00000,0x000000c20ae00000)]
  0x00000235d071ca30 JavaThread "Cache worker for execution history cache (C:\Users\ISL\Documents\biometricAuthentication\node_modules\@react-native\gradle-plugin\.gradle\8.3\executionHistory)" [_thread_blocked, id=8120, stack(0x000000c20ae00000,0x000000c20af00000)]
  0x00000235d0717930 JavaThread "Unconstrained build operations Thread 10" [_thread_blocked, id=17008, stack(0x000000c20af00000,0x000000c20b000000)]
  0x00000235d0717e40 JavaThread "Unconstrained build operations Thread 11" [_thread_blocked, id=5840, stack(0x000000c20b000000,0x000000c20b100000)]
  0x00000235d029f910 JavaThread "Unconstrained build operations Thread 12" [_thread_blocked, id=4148, stack(0x000000c20b100000,0x000000c20b200000)]
  0x00000235d029dab0 JavaThread "Unconstrained build operations Thread 13" [_thread_blocked, id=7216, stack(0x000000c20b200000,0x000000c20b300000)]
  0x00000235d02a0d50 JavaThread "Unconstrained build operations Thread 14" [_thread_blocked, id=8108, stack(0x000000c20b300000,0x000000c20b400000)]
  0x00000235d02a1c80 JavaThread "Unconstrained build operations Thread 15" [_thread_blocked, id=6916, stack(0x000000c20b400000,0x000000c20b500000)]
  0x00000235d029d5a0 JavaThread "Unconstrained build operations Thread 16" [_thread_blocked, id=8784, stack(0x000000c20b500000,0x000000c20b600000)]
  0x00000235d029cb80 JavaThread "Unconstrained build operations Thread 17" [_thread_blocked, id=11340, stack(0x000000c20b600000,0x000000c20b700000)]
  0x00000235d029f400 JavaThread "Unconstrained build operations Thread 18" [_thread_blocked, id=8432, stack(0x000000c20b700000,0x000000c20b800000)]

Other Threads:
  0x00000235aa4aca00 VMThread "VM Thread" [stack: 0x000000c205f00000,0x000000c206000000] [id=16592]
  0x000002358c5cef80 WatcherThread [stack: 0x000000c206b00000,0x000000c206c00000] [id=14384]
  0x000002358c5ad180 GCTaskThread "GC Thread#0" [stack: 0x000000c205a00000,0x000000c205b00000] [id=7324]
  0x00000235cadc1b50 GCTaskThread "GC Thread#1" [stack: 0x000000c206e00000,0x000000c206f00000] [id=5096]
  0x00000235aad85e90 GCTaskThread "GC Thread#2" [stack: 0x000000c206f00000,0x000000c207000000] [id=14724]
  0x00000235ca6b0ec0 GCTaskThread "GC Thread#3" [stack: 0x000000c207000000,0x000000c207100000] [id=10716]
  0x00000235cab76480 GCTaskThread "GC Thread#4" [stack: 0x000000c207100000,0x000000c207200000] [id=1300]
  0x00000235cab76b50 GCTaskThread "GC Thread#5" [stack: 0x000000c207200000,0x000000c207300000] [id=16476]
  0x00000235cd2c1920 GCTaskThread "GC Thread#6" [stack: 0x000000c208500000,0x000000c208600000] [id=8796]
  0x00000235cd2c2160 GCTaskThread "GC Thread#7" [stack: 0x000000c208600000,0x000000c208700000] [id=12160]
  0x000002358c5bf0e0 ConcurrentGCThread "G1 Main Marker" [stack: 0x000000c205b00000,0x000000c205c00000] [id=16600]
  0x000002358c5c0290 ConcurrentGCThread "G1 Conc#0" [stack: 0x000000c205c00000,0x000000c205d00000] [id=16628]
  0x00000235cd2c1be0 ConcurrentGCThread "G1 Conc#1" [stack: 0x000000c208700000,0x000000c208800000] [id=14596]
  0x000002358c60dea0 ConcurrentGCThread "G1 Refine#0" [stack: 0x000000c205d00000,0x000000c205e00000] [id=11032]
  0x000002358c60e8d0 ConcurrentGCThread "G1 Service" [stack: 0x000000c205e00000,0x000000c205f00000] [id=8720]

Threads with active compile tasks:
C2 CompilerThread0   315245 14609   !   4       org.gradle.cache.internal.DefaultMultiProcessSafeIndexedCache::getIfPresent (25 bytes)
C1 CompilerThread0   315245 14748       3       kotlin.jvm.internal.PropertyReference::<init> (40 bytes)
C2 CompilerThread1   315245 14711   !   4       org.gradle.internal.execution.impl.DefaultInputFingerprinter$InputCollectingVisitor::visitInputProperty (115 bytes)
C2 CompilerThread2   315245 14639       4       org.gradle.api.internal.artifacts.transform.AttributeMatchingVariantSelector::doSelect (364 bytes)

VM state: not at safepoint (normal execution)

VM Mutex/Monitor currently owned by a thread: None

Heap address: 0x0000000080000000, size: 2048 MB, Compressed Oops mode: 32-bit

CDS archive(s) mapped at: [0x00000235ab000000-0x00000235abbd0000-0x00000235abbd0000), size 12386304, SharedBaseAddress: 0x00000235ab000000, ArchiveRelocationMode: 1.
Compressed class space mapped at: 0x00000235ac000000-0x00000235c6000000, reserved size: 436207616
Narrow klass base: 0x00000235ab000000, Narrow klass shift: 0, Narrow klass range: 0x100000000

GC Precious Log:
 CPUs: 8 total, 8 available
 Memory: 16227M
 Large Page Support: Disabled
 NUMA Support: Disabled
 Compressed Oops: Enabled (32-bit)
 Heap Region Size: 1M
 Heap Min Capacity: 8M
 Heap Initial Capacity: 254M
 Heap Max Capacity: 2G
 Pre-touch: Disabled
 Parallel Workers: 8
 Concurrent Workers: 2
 Concurrent Refinement Workers: 8
 Periodic GC: Disabled

Heap:
 garbage-first heap   total 221184K, used 174104K [0x0000000080000000, 0x0000000100000000)
  region size 1024K, 47 young (48128K), 6 survivors (6144K)
 Metaspace       used 97853K, committed 98688K, reserved 557056K
  class space    used 13521K, committed 13952K, reserved 425984K

Heap Regions: E=young(eden), S=young(survivor), O=old, HS=humongous(starts), HC=humongous(continues), CS=collection set, F=free, OA=open archive, CA=closed archive, TAMS=top-at-mark-start (previous, next)
|   0|0x0000000080000000, 0x0000000080100000, 0x0000000080100000|100%|HS|  |TAMS 0x0000000080100000, 0x0000000080100000| Complete 
|   1|0x0000000080100000, 0x0000000080200000, 0x0000000080200000|100%|HC|  |TAMS 0x0000000080200000, 0x0000000080200000| Complete 
|   2|0x0000000080200000, 0x0000000080300000, 0x0000000080300000|100%|HC|  |TAMS 0x0000000080300000, 0x0000000080300000| Complete 
|   3|0x0000000080300000, 0x0000000080400000, 0x0000000080400000|100%|HC|  |TAMS 0x0000000080400000, 0x0000000080400000| Complete 
|   4|0x0000000080400000, 0x0000000080500000, 0x0000000080500000|100%| O|  |TAMS 0x0000000080500000, 0x0000000080500000| Untracked 
|   5|0x0000000080500000, 0x0000000080600000, 0x0000000080600000|100%| O|  |TAMS 0x0000000080600000, 0x0000000080600000| Untracked 
|   6|0x0000000080600000, 0x0000000080700000, 0x0000000080700000|100%| O|  |TAMS 0x0000000080700000, 0x0000000080700000| Untracked 
|   7|0x0000000080700000, 0x0000000080800000, 0x0000000080800000|100%| O|  |TAMS 0x0000000080800000, 0x0000000080800000| Untracked 
|   8|0x0000000080800000, 0x0000000080900000, 0x0000000080900000|100%| O|  |TAMS 0x0000000080900000, 0x0000000080900000| Untracked 
|   9|0x0000000080900000, 0x0000000080a00000, 0x0000000080a00000|100%| O|  |TAMS 0x0000000080a00000, 0x0000000080a00000| Untracked 
|  10|0x0000000080a00000, 0x0000000080b00000, 0x0000000080b00000|100%| O|  |TAMS 0x0000000080a00000, 0x0000000080b00000| Untracked 
|  11|0x0000000080b00000, 0x0000000080c00000, 0x0000000080c00000|100%| O|  |TAMS 0x0000000080c00000, 0x0000000080c00000| Untracked 
|  12|0x0000000080c00000, 0x0000000080d00000, 0x0000000080d00000|100%| O|  |TAMS 0x0000000080d00000, 0x0000000080d00000| Untracked 
|  13|0x0000000080d00000, 0x0000000080e00000, 0x0000000080e00000|100%| O|  |TAMS 0x0000000080e00000, 0x0000000080e00000| Untracked 
|  14|0x0000000080e00000, 0x0000000080f00000, 0x0000000080f00000|100%| O|  |TAMS 0x0000000080f00000, 0x0000000080f00000| Untracked 
|  15|0x0000000080f00000, 0x0000000081000000, 0x0000000081000000|100%| O|  |TAMS 0x0000000081000000, 0x0000000081000000| Untracked 
|  16|0x0000000081000000, 0x0000000081100000, 0x0000000081100000|100%| O|  |TAMS 0x0000000081100000, 0x0000000081100000| Untracked 
|  17|0x0000000081100000, 0x0000000081200000, 0x0000000081200000|100%| O|  |TAMS 0x0000000081200000, 0x0000000081200000| Untracked 
|  18|0x0000000081200000, 0x0000000081300000, 0x0000000081300000|100%| O|  |TAMS 0x0000000081300000, 0x0000000081300000| Untracked 
|  19|0x0000000081300000, 0x0000000081400000, 0x0000000081400000|100%| O|  |TAMS 0x0000000081400000, 0x0000000081400000| Untracked 
|  20|0x0000000081400000, 0x0000000081500000, 0x0000000081500000|100%| O|  |TAMS 0x0000000081500000, 0x0000000081500000| Untracked 
|  21|0x0000000081500000, 0x0000000081600000, 0x0000000081600000|100%| O|  |TAMS 0x0000000081600000, 0x0000000081600000| Untracked 
|  22|0x0000000081600000, 0x0000000081700000, 0x0000000081700000|100%| O|  |TAMS 0x0000000081700000, 0x0000000081700000| Untracked 
|  23|0x0000000081700000, 0x0000000081800000, 0x0000000081800000|100%| O|  |TAMS 0x0000000081800000, 0x0000000081800000| Untracked 
|  24|0x0000000081800000, 0x0000000081900000, 0x0000000081900000|100%| O|  |TAMS 0x0000000081900000, 0x0000000081900000| Untracked 
|  25|0x0000000081900000, 0x0000000081a00000, 0x0000000081a00000|100%| O|  |TAMS 0x0000000081a00000, 0x0000000081a00000| Untracked 
|  26|0x0000000081a00000, 0x0000000081b00000, 0x0000000081b00000|100%| O|  |TAMS 0x0000000081b00000, 0x0000000081b00000| Untracked 
|  27|0x0000000081b00000, 0x0000000081c00000, 0x0000000081c00000|100%| O|  |TAMS 0x0000000081c00000, 0x0000000081c00000| Untracked 
|  28|0x0000000081c00000, 0x0000000081d00000, 0x0000000081d00000|100%| O|  |TAMS 0x0000000081d00000, 0x0000000081d00000| Untracked 
|  29|0x0000000081d00000, 0x0000000081e00000, 0x0000000081e00000|100%| O|  |TAMS 0x0000000081e00000, 0x0000000081e00000| Untracked 
|  30|0x0000000081e00000, 0x0000000081f00000, 0x0000000081f00000|100%| O|  |TAMS 0x0000000081f00000, 0x0000000081f00000| Untracked 
|  31|0x0000000081f00000, 0x0000000082000000, 0x0000000082000000|100%| O|  |TAMS 0x0000000082000000, 0x0000000082000000| Untracked 
|  32|0x0000000082000000, 0x0000000082100000, 0x0000000082100000|100%| O|  |TAMS 0x0000000082100000, 0x0000000082100000| Untracked 
|  33|0x0000000082100000, 0x0000000082200000, 0x0000000082200000|100%|HS|  |TAMS 0x0000000082100000, 0x0000000082200000| Complete 
|  34|0x0000000082200000, 0x0000000082300000, 0x0000000082300000|100%| O|  |TAMS 0x0000000082300000, 0x0000000082300000| Untracked 
|  35|0x0000000082300000, 0x0000000082400000, 0x0000000082400000|100%| O|  |TAMS 0x0000000082400000, 0x0000000082400000| Untracked 
|  36|0x0000000082400000, 0x0000000082500000, 0x0000000082500000|100%| O|  |TAMS 0x0000000082500000, 0x0000000082500000| Untracked 
|  37|0x0000000082500000, 0x0000000082600000, 0x0000000082600000|100%|HS|  |TAMS 0x0000000082600000, 0x0000000082600000| Complete 
|  38|0x0000000082600000, 0x0000000082700000, 0x0000000082700000|100%|HC|  |TAMS 0x0000000082700000, 0x0000000082700000| Complete 
|  39|0x0000000082700000, 0x0000000082800000, 0x0000000082800000|100%|HS|  |TAMS 0x0000000082800000, 0x0000000082800000| Complete 
|  40|0x0000000082800000, 0x0000000082900000, 0x0000000082900000|100%|HC|  |TAMS 0x0000000082900000, 0x0000000082900000| Complete 
|  41|0x0000000082900000, 0x0000000082a00000, 0x0000000082a00000|100%| O|  |TAMS 0x0000000082a00000, 0x0000000082a00000| Untracked 
|  42|0x0000000082a00000, 0x0000000082b00000, 0x0000000082b00000|100%|HS|  |TAMS 0x0000000082b00000, 0x0000000082b00000| Complete 
|  43|0x0000000082b00000, 0x0000000082c00000, 0x0000000082c00000|100%|HC|  |TAMS 0x0000000082c00000, 0x0000000082c00000| Complete 
|  44|0x0000000082c00000, 0x0000000082d00000, 0x0000000082d00000|100%|HC|  |TAMS 0x0000000082d00000, 0x0000000082d00000| Complete 
|  45|0x0000000082d00000, 0x0000000082e00000, 0x0000000082e00000|100%|HC|  |TAMS 0x0000000082e00000, 0x0000000082e00000| Complete 
|  46|0x0000000082e00000, 0x0000000082f00000, 0x0000000082f00000|100%| O|  |TAMS 0x0000000082f00000, 0x0000000082f00000| Untracked 
|  47|0x0000000082f00000, 0x0000000083000000, 0x0000000083000000|100%| O|  |TAMS 0x0000000083000000, 0x0000000083000000| Untracked 
|  48|0x0000000083000000, 0x0000000083100000, 0x0000000083100000|100%| O|  |TAMS 0x0000000083100000, 0x0000000083100000| Untracked 
|  49|0x0000000083100000, 0x0000000083200000, 0x0000000083200000|100%| O|  |TAMS 0x0000000083200000, 0x0000000083200000| Untracked 
|  50|0x0000000083200000, 0x0000000083300000, 0x0000000083300000|100%| O|  |TAMS 0x0000000083300000, 0x0000000083300000| Untracked 
|  51|0x0000000083300000, 0x0000000083400000, 0x0000000083400000|100%|HS|  |TAMS 0x0000000083400000, 0x0000000083400000| Complete 
|  52|0x0000000083400000, 0x0000000083500000, 0x0000000083500000|100%|HC|  |TAMS 0x0000000083500000, 0x0000000083500000| Complete 
|  53|0x0000000083500000, 0x0000000083600000, 0x0000000083600000|100%|HC|  |TAMS 0x0000000083600000, 0x0000000083600000| Complete 
|  54|0x0000000083600000, 0x0000000083700000, 0x0000000083700000|100%|HC|  |TAMS 0x0000000083700000, 0x0000000083700000| Complete 
|  55|0x0000000083700000, 0x0000000083800000, 0x0000000083800000|100%| O|  |TAMS 0x0000000083800000, 0x0000000083800000| Untracked 
|  56|0x0000000083800000, 0x0000000083900000, 0x0000000083900000|100%| O|  |TAMS 0x0000000083900000, 0x0000000083900000| Untracked 
|  57|0x0000000083900000, 0x0000000083a00000, 0x0000000083a00000|100%| O|  |TAMS 0x0000000083a00000, 0x0000000083a00000| Untracked 
|  58|0x0000000083a00000, 0x0000000083b00000, 0x0000000083b00000|100%| O|  |TAMS 0x0000000083a98800, 0x0000000083b00000| Untracked 
|  59|0x0000000083b00000, 0x0000000083c00000, 0x0000000083c00000|100%| O|  |TAMS 0x0000000083b00000, 0x0000000083c00000| Untracked 
|  60|0x0000000083c00000, 0x0000000083d00000, 0x0000000083d00000|100%| O|  |TAMS 0x0000000083c00000, 0x0000000083d00000| Untracked 
|  61|0x0000000083d00000, 0x0000000083e00000, 0x0000000083e00000|100%| O|  |TAMS 0x0000000083d00000, 0x0000000083e00000| Untracked 
|  62|0x0000000083e00000, 0x0000000083f00000, 0x0000000083f00000|100%|HS|  |TAMS 0x0000000083e00000, 0x0000000083f00000| Complete 
|  63|0x0000000083f00000, 0x0000000084000000, 0x0000000084000000|100%|HS|  |TAMS 0x0000000083f00000, 0x0000000084000000| Complete 
|  64|0x0000000084000000, 0x0000000084100000, 0x0000000084100000|100%|HS|  |TAMS 0x0000000084000000, 0x0000000084100000| Complete 
|  65|0x0000000084100000, 0x0000000084200000, 0x0000000084200000|100%| O|  |TAMS 0x0000000084100000, 0x0000000084200000| Untracked 
|  66|0x0000000084200000, 0x0000000084300000, 0x0000000084300000|100%| O|  |TAMS 0x0000000084200000, 0x0000000084300000| Untracked 
|  67|0x0000000084300000, 0x0000000084400000, 0x0000000084400000|100%| O|  |TAMS 0x0000000084300000, 0x0000000084400000| Untracked 
|  68|0x0000000084400000, 0x0000000084500000, 0x0000000084500000|100%| O|  |TAMS 0x0000000084400000, 0x0000000084500000| Untracked 
|  69|0x0000000084500000, 0x0000000084600000, 0x0000000084600000|100%| O|  |TAMS 0x0000000084500000, 0x0000000084600000| Untracked 
|  70|0x0000000084600000, 0x0000000084700000, 0x0000000084700000|100%| O|  |TAMS 0x0000000084600000, 0x0000000084700000| Untracked 
|  71|0x0000000084700000, 0x0000000084800000, 0x0000000084800000|100%| O|  |TAMS 0x0000000084700000, 0x0000000084800000| Untracked 
|  72|0x0000000084800000, 0x0000000084900000, 0x0000000084900000|100%| O|  |TAMS 0x0000000084800000, 0x0000000084900000| Untracked 
|  73|0x0000000084900000, 0x0000000084a00000, 0x0000000084a00000|100%| O|  |TAMS 0x0000000084900000, 0x0000000084a00000| Untracked 
|  74|0x0000000084a00000, 0x0000000084b00000, 0x0000000084b00000|100%| O|  |TAMS 0x0000000084a00000, 0x0000000084b00000| Untracked 
|  75|0x0000000084b00000, 0x0000000084c00000, 0x0000000084c00000|100%| O|  |TAMS 0x0000000084b00000, 0x0000000084c00000| Untracked 
|  76|0x0000000084c00000, 0x0000000084d00000, 0x0000000084d00000|100%| O|  |TAMS 0x0000000084c00000, 0x0000000084d00000| Untracked 
|  77|0x0000000084d00000, 0x0000000084e00000, 0x0000000084e00000|100%| O|  |TAMS 0x0000000084d00000, 0x0000000084e00000| Untracked 
|  78|0x0000000084e00000, 0x0000000084f00000, 0x0000000084f00000|100%| O|  |TAMS 0x0000000084e00000, 0x0000000084f00000| Untracked 
|  79|0x0000000084f00000, 0x0000000085000000, 0x0000000085000000|100%| O|  |TAMS 0x0000000084f00000, 0x0000000085000000| Untracked 
|  80|0x0000000085000000, 0x0000000085100000, 0x0000000085100000|100%| O|  |TAMS 0x0000000085000000, 0x0000000085100000| Untracked 
|  81|0x0000000085100000, 0x0000000085200000, 0x0000000085200000|100%| O|  |TAMS 0x0000000085100000, 0x0000000085200000| Untracked 
|  82|0x0000000085200000, 0x0000000085300000, 0x0000000085300000|100%| O|  |TAMS 0x0000000085200000, 0x0000000085300000| Untracked 
|  83|0x0000000085300000, 0x0000000085400000, 0x0000000085400000|100%| O|  |TAMS 0x0000000085300000, 0x0000000085400000| Untracked 
|  84|0x0000000085400000, 0x0000000085500000, 0x0000000085500000|100%| O|  |TAMS 0x0000000085400000, 0x0000000085500000| Untracked 
|  85|0x0000000085500000, 0x0000000085600000, 0x0000000085600000|100%| O|  |TAMS 0x0000000085500000, 0x0000000085600000| Untracked 
|  86|0x0000000085600000, 0x0000000085700000, 0x0000000085700000|100%| O|  |TAMS 0x0000000085600000, 0x0000000085700000| Untracked 
|  87|0x0000000085700000, 0x0000000085800000, 0x0000000085800000|100%| O|  |TAMS 0x0000000085700000, 0x0000000085800000| Untracked 
|  88|0x0000000085800000, 0x0000000085900000, 0x0000000085900000|100%| O|  |TAMS 0x0000000085800000, 0x0000000085900000| Untracked 
|  89|0x0000000085900000, 0x0000000085a00000, 0x0000000085a00000|100%| O|  |TAMS 0x0000000085900000, 0x0000000085a00000| Untracked 
|  90|0x0000000085a00000, 0x0000000085b00000, 0x0000000085b00000|100%| O|  |TAMS 0x0000000085a00000, 0x0000000085b00000| Untracked 
|  91|0x0000000085b00000, 0x0000000085c00000, 0x0000000085c00000|100%| O|  |TAMS 0x0000000085b00000, 0x0000000085c00000| Untracked 
|  92|0x0000000085c00000, 0x0000000085d00000, 0x0000000085d00000|100%| O|  |TAMS 0x0000000085c00000, 0x0000000085d00000| Untracked 
|  93|0x0000000085d00000, 0x0000000085e00000, 0x0000000085e00000|100%| O|  |TAMS 0x0000000085d00000, 0x0000000085e00000| Untracked 
|  94|0x0000000085e00000, 0x0000000085f00000, 0x0000000085f00000|100%| O|  |TAMS 0x0000000085e00000, 0x0000000085f00000| Untracked 
|  95|0x0000000085f00000, 0x0000000086000000, 0x0000000086000000|100%| O|  |TAMS 0x0000000085f00000, 0x0000000086000000| Untracked 
|  96|0x0000000086000000, 0x0000000086100000, 0x0000000086100000|100%| O|  |TAMS 0x0000000086000000, 0x0000000086100000| Untracked 
|  97|0x0000000086100000, 0x0000000086200000, 0x0000000086200000|100%| O|  |TAMS 0x0000000086100000, 0x0000000086200000| Untracked 
|  98|0x0000000086200000, 0x0000000086300000, 0x0000000086300000|100%| O|  |TAMS 0x0000000086200000, 0x0000000086300000| Untracked 
|  99|0x0000000086300000, 0x0000000086400000, 0x0000000086400000|100%| O|  |TAMS 0x0000000086300000, 0x0000000086400000| Untracked 
| 100|0x0000000086400000, 0x0000000086500000, 0x0000000086500000|100%| O|  |TAMS 0x0000000086400000, 0x0000000086500000| Untracked 
| 101|0x0000000086500000, 0x0000000086600000, 0x0000000086600000|100%| O|  |TAMS 0x0000000086500000, 0x0000000086600000| Untracked 
| 102|0x0000000086600000, 0x0000000086700000, 0x0000000086700000|100%| O|  |TAMS 0x0000000086600000, 0x0000000086700000| Untracked 
| 103|0x0000000086700000, 0x0000000086800000, 0x0000000086800000|100%| O|  |TAMS 0x0000000086700000, 0x0000000086800000| Untracked 
| 104|0x0000000086800000, 0x0000000086900000, 0x0000000086900000|100%| O|  |TAMS 0x0000000086800000, 0x0000000086900000| Untracked 
| 105|0x0000000086900000, 0x0000000086a00000, 0x0000000086a00000|100%| O|  |TAMS 0x0000000086900000, 0x0000000086a00000| Untracked 
| 106|0x0000000086a00000, 0x0000000086b00000, 0x0000000086b00000|100%| O|  |TAMS 0x0000000086a00000, 0x0000000086b00000| Untracked 
| 107|0x0000000086b00000, 0x0000000086c00000, 0x0000000086c00000|100%| O|  |TAMS 0x0000000086b00000, 0x0000000086c00000| Untracked 
| 108|0x0000000086c00000, 0x0000000086d00000, 0x0000000086d00000|100%| O|  |TAMS 0x0000000086c00000, 0x0000000086d00000| Untracked 
| 109|0x0000000086d00000, 0x0000000086e00000, 0x0000000086e00000|100%| O|  |TAMS 0x0000000086d00000, 0x0000000086e00000| Untracked 
| 110|0x0000000086e00000, 0x0000000086f00000, 0x0000000086f00000|100%| O|  |TAMS 0x0000000086e00000, 0x0000000086f00000| Untracked 
| 111|0x0000000086f00000, 0x0000000087000000, 0x0000000087000000|100%| O|  |TAMS 0x0000000086f00000, 0x0000000087000000| Untracked 
| 112|0x0000000087000000, 0x0000000087100000, 0x0000000087100000|100%| O|  |TAMS 0x0000000087000000, 0x0000000087054600| Untracked 
| 113|0x0000000087100000, 0x0000000087100000, 0x0000000087200000|  0%| F|  |TAMS 0x0000000087100000, 0x0000000087100000| Untracked 
| 114|0x0000000087200000, 0x0000000087300000, 0x0000000087300000|100%| O|  |TAMS 0x0000000087200000, 0x0000000087300000| Untracked 
| 115|0x0000000087300000, 0x0000000087400000, 0x0000000087400000|100%| O|  |TAMS 0x0000000087300000, 0x0000000087400000| Untracked 
| 116|0x0000000087400000, 0x0000000087500000, 0x0000000087500000|100%| O|  |TAMS 0x0000000087400000, 0x0000000087500000| Untracked 
| 117|0x0000000087500000, 0x0000000087600000, 0x0000000087600000|100%| O|  |TAMS 0x0000000087500000, 0x0000000087600000| Untracked 
| 118|0x0000000087600000, 0x0000000087700000, 0x0000000087700000|100%| O|  |TAMS 0x0000000087600000, 0x0000000087700000| Untracked 
| 119|0x0000000087700000, 0x0000000087800000, 0x0000000087800000|100%| O|  |TAMS 0x0000000087700000, 0x0000000087800000| Untracked 
| 120|0x0000000087800000, 0x0000000087900000, 0x0000000087900000|100%| O|  |TAMS 0x0000000087800000, 0x0000000087900000| Untracked 
| 121|0x0000000087900000, 0x0000000087a00000, 0x0000000087a00000|100%| O|  |TAMS 0x0000000087900000, 0x0000000087a00000| Untracked 
| 122|0x0000000087a00000, 0x0000000087b00000, 0x0000000087b00000|100%| O|  |TAMS 0x0000000087a00000, 0x0000000087b00000| Untracked 
| 123|0x0000000087b00000, 0x0000000087b00000, 0x0000000087c00000|  0%| F|  |TAMS 0x0000000087b00000, 0x0000000087b00000| Untracked 
| 124|0x0000000087c00000, 0x0000000087c00000, 0x0000000087d00000|  0%| F|  |TAMS 0x0000000087c00000, 0x0000000087c00000| Untracked 
| 125|0x0000000087d00000, 0x0000000087e00000, 0x0000000087e00000|100%| O|  |TAMS 0x0000000087d00000, 0x0000000087e00000| Untracked 
| 126|0x0000000087e00000, 0x0000000087e00000, 0x0000000087f00000|  0%| F|  |TAMS 0x0000000087e00000, 0x0000000087e00000| Untracked 
| 127|0x0000000087f00000, 0x0000000087f00000, 0x0000000088000000|  0%| F|  |TAMS 0x0000000087f00000, 0x0000000087f00000| Untracked 
| 128|0x0000000088000000, 0x0000000088000000, 0x0000000088100000|  0%| F|  |TAMS 0x0000000088000000, 0x0000000088000000| Untracked 
| 129|0x0000000088100000, 0x0000000088100000, 0x0000000088200000|  0%| F|  |TAMS 0x0000000088100000, 0x0000000088100000| Untracked 
| 130|0x0000000088200000, 0x0000000088200000, 0x0000000088300000|  0%| F|  |TAMS 0x0000000088200000, 0x0000000088200000| Untracked 
| 131|0x0000000088300000, 0x0000000088400000, 0x0000000088400000|100%| O|  |TAMS 0x0000000088300000, 0x0000000088300000| Untracked 
| 132|0x0000000088400000, 0x0000000088470e00, 0x0000000088500000| 44%| O|  |TAMS 0x0000000088400000, 0x0000000088400000| Untracked 
| 133|0x0000000088500000, 0x0000000088500000, 0x0000000088600000|  0%| F|  |TAMS 0x0000000088500000, 0x0000000088500000| Untracked 
| 134|0x0000000088600000, 0x0000000088600000, 0x0000000088700000|  0%| F|  |TAMS 0x0000000088600000, 0x0000000088600000| Untracked 
| 135|0x0000000088700000, 0x0000000088700000, 0x0000000088800000|  0%| F|  |TAMS 0x0000000088700000, 0x0000000088700000| Untracked 
| 136|0x0000000088800000, 0x0000000088800000, 0x0000000088900000|  0%| F|  |TAMS 0x0000000088800000, 0x0000000088800000| Untracked 
| 137|0x0000000088900000, 0x0000000088900000, 0x0000000088a00000|  0%| F|  |TAMS 0x0000000088900000, 0x0000000088900000| Untracked 
| 138|0x0000000088a00000, 0x0000000088a00000, 0x0000000088b00000|  0%| F|  |TAMS 0x0000000088a00000, 0x0000000088a00000| Untracked 
| 139|0x0000000088b00000, 0x0000000088b00000, 0x0000000088c00000|  0%| F|  |TAMS 0x0000000088b00000, 0x0000000088b00000| Untracked 
| 140|0x0000000088c00000, 0x0000000088c00000, 0x0000000088d00000|  0%| F|  |TAMS 0x0000000088c00000, 0x0000000088c00000| Untracked 
| 141|0x0000000088d00000, 0x0000000088d00000, 0x0000000088e00000|  0%| F|  |TAMS 0x0000000088d00000, 0x0000000088d00000| Untracked 
| 142|0x0000000088e00000, 0x0000000088e00000, 0x0000000088f00000|  0%| F|  |TAMS 0x0000000088e00000, 0x0000000088e00000| Untracked 
| 143|0x0000000088f00000, 0x0000000088f00000, 0x0000000089000000|  0%| F|  |TAMS 0x0000000088f00000, 0x0000000088f00000| Untracked 
| 144|0x0000000089000000, 0x0000000089000000, 0x0000000089100000|  0%| F|  |TAMS 0x0000000089000000, 0x0000000089000000| Untracked 
| 145|0x0000000089100000, 0x0000000089100000, 0x0000000089200000|  0%| F|  |TAMS 0x0000000089100000, 0x0000000089100000| Untracked 
| 146|0x0000000089200000, 0x0000000089200000, 0x0000000089300000|  0%| F|  |TAMS 0x0000000089200000, 0x0000000089200000| Untracked 
| 147|0x0000000089300000, 0x0000000089300000, 0x0000000089400000|  0%| F|  |TAMS 0x0000000089300000, 0x0000000089300000| Untracked 
| 148|0x0000000089400000, 0x0000000089400000, 0x0000000089500000|  0%| F|  |TAMS 0x0000000089400000, 0x0000000089400000| Untracked 
| 149|0x0000000089500000, 0x0000000089500000, 0x0000000089600000|  0%| F|  |TAMS 0x0000000089500000, 0x0000000089500000| Untracked 
| 150|0x0000000089600000, 0x0000000089600000, 0x0000000089700000|  0%| F|  |TAMS 0x0000000089600000, 0x0000000089600000| Untracked 
| 151|0x0000000089700000, 0x0000000089700000, 0x0000000089800000|  0%| F|  |TAMS 0x0000000089700000, 0x0000000089700000| Untracked 
| 152|0x0000000089800000, 0x0000000089800000, 0x0000000089900000|  0%| F|  |TAMS 0x0000000089800000, 0x0000000089800000| Untracked 
| 153|0x0000000089900000, 0x0000000089900000, 0x0000000089a00000|  0%| F|  |TAMS 0x0000000089900000, 0x0000000089900000| Untracked 
| 154|0x0000000089a00000, 0x0000000089a00000, 0x0000000089b00000|  0%| F|  |TAMS 0x0000000089a00000, 0x0000000089a00000| Untracked 
| 155|0x0000000089b00000, 0x0000000089b00000, 0x0000000089c00000|  0%| F|  |TAMS 0x0000000089b00000, 0x0000000089b00000| Untracked 
| 156|0x0000000089c00000, 0x0000000089c00000, 0x0000000089d00000|  0%| F|  |TAMS 0x0000000089c00000, 0x0000000089c00000| Untracked 
| 157|0x0000000089d00000, 0x0000000089d00000, 0x0000000089e00000|  0%| F|  |TAMS 0x0000000089d00000, 0x0000000089d00000| Untracked 
| 158|0x0000000089e00000, 0x0000000089e00000, 0x0000000089f00000|  0%| F|  |TAMS 0x0000000089e00000, 0x0000000089e00000| Untracked 
| 159|0x0000000089f00000, 0x0000000089f95240, 0x000000008a000000| 58%| S|CS|TAMS 0x0000000089f00000, 0x0000000089f00000| Complete 
| 160|0x000000008a000000, 0x000000008a100000, 0x000000008a100000|100%| S|CS|TAMS 0x000000008a000000, 0x000000008a000000| Complete 
| 161|0x000000008a100000, 0x000000008a200000, 0x000000008a200000|100%| S|CS|TAMS 0x000000008a100000, 0x000000008a100000| Complete 
| 162|0x000000008a200000, 0x000000008a300000, 0x000000008a300000|100%| S|CS|TAMS 0x000000008a200000, 0x000000008a200000| Complete 
| 163|0x000000008a300000, 0x000000008a400000, 0x000000008a400000|100%| S|CS|TAMS 0x000000008a300000, 0x000000008a300000| Complete 
| 164|0x000000008a400000, 0x000000008a500000, 0x000000008a500000|100%| S|CS|TAMS 0x000000008a400000, 0x000000008a400000| Complete 
| 165|0x000000008a500000, 0x000000008a500000, 0x000000008a600000|  0%| F|  |TAMS 0x000000008a500000, 0x000000008a500000| Untracked 
| 166|0x000000008a600000, 0x000000008a600000, 0x000000008a700000|  0%| F|  |TAMS 0x000000008a600000, 0x000000008a600000| Untracked 
| 167|0x000000008a700000, 0x000000008a700000, 0x000000008a800000|  0%| F|  |TAMS 0x000000008a700000, 0x000000008a700000| Untracked 
| 168|0x000000008a800000, 0x000000008a800000, 0x000000008a900000|  0%| F|  |TAMS 0x000000008a800000, 0x000000008a800000| Untracked 
| 169|0x000000008a900000, 0x000000008a900000, 0x000000008aa00000|  0%| F|  |TAMS 0x000000008a900000, 0x000000008a900000| Untracked 
| 170|0x000000008aa00000, 0x000000008aa00000, 0x000000008ab00000|  0%| F|  |TAMS 0x000000008aa00000, 0x000000008aa00000| Untracked 
| 171|0x000000008ab00000, 0x000000008ab00000, 0x000000008ac00000|  0%| F|  |TAMS 0x000000008ab00000, 0x000000008ab00000| Untracked 
| 172|0x000000008ac00000, 0x000000008ac00000, 0x000000008ad00000|  0%| F|  |TAMS 0x000000008ac00000, 0x000000008ac00000| Untracked 
| 173|0x000000008ad00000, 0x000000008ad00000, 0x000000008ae00000|  0%| F|  |TAMS 0x000000008ad00000, 0x000000008ad00000| Untracked 
| 174|0x000000008ae00000, 0x000000008ae428d0, 0x000000008af00000| 25%| E|  |TAMS 0x000000008ae00000, 0x000000008ae00000| Complete 
| 175|0x000000008af00000, 0x000000008b000000, 0x000000008b000000|100%| E|CS|TAMS 0x000000008af00000, 0x000000008af00000| Complete 
| 176|0x000000008b000000, 0x000000008b100000, 0x000000008b100000|100%| E|CS|TAMS 0x000000008b000000, 0x000000008b000000| Complete 
| 177|0x000000008b100000, 0x000000008b200000, 0x000000008b200000|100%| E|CS|TAMS 0x000000008b100000, 0x000000008b100000| Complete 
| 178|0x000000008b200000, 0x000000008b300000, 0x000000008b300000|100%| E|CS|TAMS 0x000000008b200000, 0x000000008b200000| Complete 
| 179|0x000000008b300000, 0x000000008b400000, 0x000000008b400000|100%| E|CS|TAMS 0x000000008b300000, 0x000000008b300000| Complete 
| 180|0x000000008b400000, 0x000000008b500000, 0x000000008b500000|100%| E|CS|TAMS 0x000000008b400000, 0x000000008b400000| Complete 
| 181|0x000000008b500000, 0x000000008b600000, 0x000000008b600000|100%| E|CS|TAMS 0x000000008b500000, 0x000000008b500000| Complete 
| 182|0x000000008b600000, 0x000000008b700000, 0x000000008b700000|100%| E|CS|TAMS 0x000000008b600000, 0x000000008b600000| Complete 
| 183|0x000000008b700000, 0x000000008b800000, 0x000000008b800000|100%| E|CS|TAMS 0x000000008b700000, 0x000000008b700000| Complete 
| 184|0x000000008b800000, 0x000000008b900000, 0x000000008b900000|100%| E|CS|TAMS 0x000000008b800000, 0x000000008b800000| Complete 
| 185|0x000000008b900000, 0x000000008ba00000, 0x000000008ba00000|100%| E|CS|TAMS 0x000000008b900000, 0x000000008b900000| Complete 
| 186|0x000000008ba00000, 0x000000008bb00000, 0x000000008bb00000|100%| E|CS|TAMS 0x000000008ba00000, 0x000000008ba00000| Complete 
| 187|0x000000008bb00000, 0x000000008bc00000, 0x000000008bc00000|100%| E|CS|TAMS 0x000000008bb00000, 0x000000008bb00000| Complete 
| 188|0x000000008bc00000, 0x000000008bd00000, 0x000000008bd00000|100%| E|CS|TAMS 0x000000008bc00000, 0x000000008bc00000| Complete 
| 189|0x000000008bd00000, 0x000000008be00000, 0x000000008be00000|100%| E|CS|TAMS 0x000000008bd00000, 0x000000008bd00000| Complete 
| 190|0x000000008be00000, 0x000000008bf00000, 0x000000008bf00000|100%| E|CS|TAMS 0x000000008be00000, 0x000000008be00000| Complete 
| 191|0x000000008bf00000, 0x000000008c000000, 0x000000008c000000|100%| E|CS|TAMS 0x000000008bf00000, 0x000000008bf00000| Complete 
| 192|0x000000008c000000, 0x000000008c100000, 0x000000008c100000|100%| E|CS|TAMS 0x000000008c000000, 0x000000008c000000| Complete 
| 193|0x000000008c100000, 0x000000008c200000, 0x000000008c200000|100%| E|CS|TAMS 0x000000008c100000, 0x000000008c100000| Complete 
| 194|0x000000008c200000, 0x000000008c300000, 0x000000008c300000|100%| E|CS|TAMS 0x000000008c200000, 0x000000008c200000| Complete 
| 195|0x000000008c300000, 0x000000008c400000, 0x000000008c400000|100%| E|CS|TAMS 0x000000008c300000, 0x000000008c300000| Complete 
| 196|0x000000008c400000, 0x000000008c500000, 0x000000008c500000|100%| E|CS|TAMS 0x000000008c400000, 0x000000008c400000| Complete 
| 197|0x000000008c500000, 0x000000008c600000, 0x000000008c600000|100%| E|CS|TAMS 0x000000008c500000, 0x000000008c500000| Complete 
| 198|0x000000008c600000, 0x000000008c700000, 0x000000008c700000|100%| E|CS|TAMS 0x000000008c600000, 0x000000008c600000| Complete 
| 199|0x000000008c700000, 0x000000008c800000, 0x000000008c800000|100%| E|CS|TAMS 0x000000008c700000, 0x000000008c700000| Complete 
| 200|0x000000008c800000, 0x000000008c900000, 0x000000008c900000|100%| E|CS|TAMS 0x000000008c800000, 0x000000008c800000| Complete 
| 201|0x000000008c900000, 0x000000008ca00000, 0x000000008ca00000|100%| E|CS|TAMS 0x000000008c900000, 0x000000008c900000| Complete 
| 202|0x000000008ca00000, 0x000000008cb00000, 0x000000008cb00000|100%| E|CS|TAMS 0x000000008ca00000, 0x000000008ca00000| Complete 
| 203|0x000000008cb00000, 0x000000008cc00000, 0x000000008cc00000|100%| E|CS|TAMS 0x000000008cb00000, 0x000000008cb00000| Complete 
| 204|0x000000008cc00000, 0x000000008cd00000, 0x000000008cd00000|100%| E|CS|TAMS 0x000000008cc00000, 0x000000008cc00000| Complete 
| 205|0x000000008cd00000, 0x000000008ce00000, 0x000000008ce00000|100%| E|CS|TAMS 0x000000008cd00000, 0x000000008cd00000| Complete 
| 206|0x000000008ce00000, 0x000000008cf00000, 0x000000008cf00000|100%| E|CS|TAMS 0x000000008ce00000, 0x000000008ce00000| Complete 
| 207|0x000000008cf00000, 0x000000008d000000, 0x000000008d000000|100%| E|CS|TAMS 0x000000008cf00000, 0x000000008cf00000| Complete 
| 208|0x000000008d000000, 0x000000008d100000, 0x000000008d100000|100%| E|CS|TAMS 0x000000008d000000, 0x000000008d000000| Complete 
| 209|0x000000008d100000, 0x000000008d200000, 0x000000008d200000|100%| E|CS|TAMS 0x000000008d100000, 0x000000008d100000| Complete 
| 210|0x000000008d200000, 0x000000008d300000, 0x000000008d300000|100%| E|CS|TAMS 0x000000008d200000, 0x000000008d200000| Complete 
| 211|0x000000008d300000, 0x000000008d400000, 0x000000008d400000|100%| E|CS|TAMS 0x000000008d300000, 0x000000008d300000| Complete 
| 212|0x000000008d400000, 0x000000008d500000, 0x000000008d500000|100%| E|CS|TAMS 0x000000008d400000, 0x000000008d400000| Complete 
| 213|0x000000008d500000, 0x000000008d600000, 0x000000008d600000|100%| E|CS|TAMS 0x000000008d500000, 0x000000008d500000| Complete 
| 214|0x000000008d600000, 0x000000008d700000, 0x000000008d700000|100%| E|CS|TAMS 0x000000008d600000, 0x000000008d600000| Complete 
| 253|0x000000008fd00000, 0x000000008fe00000, 0x000000008fe00000|100%| E|CS|TAMS 0x000000008fd00000, 0x000000008fd00000| Complete 

Card table byte_map: [0x00000235a3780000,0x00000235a3b80000] _byte_map_base: 0x00000235a3380000

Marking Bits (Prev, Next): (CMBitMap*) 0x000002358c5ae7f0, (CMBitMap*) 0x000002358c5ae7b0
 Prev Bits: [0x00000235a5f80000, 0x00000235a7f80000)
 Next Bits: [0x00000235a3f80000, 0x00000235a5f80000)

Polling page: 0x000002358a4a0000

Metaspace:

Usage:
  Non-class:     82.37 MB used.
      Class:     13.21 MB used.
       Both:     95.58 MB used.

Virtual space:
  Non-class space:      128.00 MB reserved,      82.75 MB ( 65%) committed,  2 nodes.
      Class space:      416.00 MB reserved,      13.62 MB (  3%) committed,  1 nodes.
             Both:      544.00 MB reserved,      96.38 MB ( 18%) committed. 

Chunk freelists:
   Non-Class:  12.69 MB
       Class:  2.28 MB
        Both:  14.97 MB

MaxMetaspaceSize: 512.00 MB
CompressedClassSpaceSize: 416.00 MB
Initial GC threshold: 21.00 MB
Current GC threshold: 98.38 MB
CDS: on
MetaspaceReclaimPolicy: balanced
 - commit_granule_bytes: 65536.
 - commit_granule_words: 8192.
 - virtual_space_node_default_size: 8388608.
 - enlarge_chunks_in_place: 1.
 - new_chunks_are_fully_committed: 0.
 - uncommit_free_chunks: 1.
 - use_allocation_guard: 0.
 - handle_deallocations: 1.


Internal statistics:

num_allocs_failed_limit: 6.
num_arena_births: 1210.
num_arena_deaths: 0.
num_vsnodes_births: 3.
num_vsnodes_deaths: 0.
num_space_committed: 1541.
num_space_uncommitted: 0.
num_chunks_returned_to_freelist: 6.
num_chunks_taken_from_freelist: 5441.
num_chunk_merges: 6.
num_chunk_splits: 3533.
num_chunks_enlarged: 2276.
num_inconsistent_stats: 0.

CodeHeap 'non-profiled nmethods': size=120000Kb used=9042Kb max_used=9042Kb free=110957Kb
 bounds [0x000002359bb20000, 0x000002359c400000, 0x00000235a3050000]
CodeHeap 'profiled nmethods': size=120000Kb used=24222Kb max_used=24222Kb free=95777Kb
 bounds [0x0000023594050000, 0x0000023595800000, 0x000002359b580000]
CodeHeap 'non-nmethods': size=5760Kb used=2401Kb max_used=2531Kb free=3359Kb
 bounds [0x000002359b580000, 0x000002359b810000, 0x000002359bb20000]
 total_blobs=13513 nmethods=12580 adapters=845
 compilation: enabled
              stopped_count=0, restarted_count=0
 full_count=0

Compilation events (20 events):
Event: 315.146 Thread 0x00000235aaa2ee20 nmethod 14690 0x00000235957d8310 code [0x00000235957d8560, 0x00000235957d9088]
Event: 315.146 Thread 0x00000235aaa2ee20 14691       3       org.gradle.internal.resolve.resolver.DefaultArtifactSelector$MemoizingComponentArtifactResolveVariantState$$Lambda$764/0x00000235ac5b55b8::<init> (26 bytes)
Event: 315.146 Thread 0x00000235aaa2ee20 nmethod 14691 0x00000235957d9490 code [0x00000235957d9640, 0x00000235957d9918]
Event: 315.146 Thread 0x00000235aaa2ee20 14692       3       org.gradle.api.internal.artifacts.ivyservice.projectmodule.ProjectDependencyResolver::resolveArtifacts (35 bytes)
Event: 315.146 Thread 0x00000235aaa2ee20 nmethod 14692 0x00000235957d9a10 code [0x00000235957d9c00, 0x00000235957da1b8]
Event: 315.147 Thread 0x00000235aaa2ee20 14693       3       org.gradle.api.internal.artifacts.ivyservice.resolveengine.artifact.ArtifactSetFactory::createFromVariantMetadata (14 bytes)
Event: 315.147 Thread 0x00000235aaa2ee20 nmethod 14693 0x00000235957da390 code [0x00000235957da540, 0x00000235957da918]
Event: 315.147 Thread 0x00000235aaa2ee20 14694       3       org.gradle.api.internal.artifacts.ivyservice.ivyresolve.RepositoryChainArtifactResolver::resolveArtifacts (33 bytes)
Event: 315.147 Thread 0x00000235aaa2ee20 nmethod 14694 0x00000235957daa10 code [0x00000235957dac00, 0x00000235957db0b8]
Event: 315.147 Thread 0x00000235aaa2ee20 14684       3       org.gradle.internal.resolve.resolver.DefaultArtifactSelector$$Lambda$761/0x00000235ac5b46a8::<init> (15 bytes)
Event: 315.147 Thread 0x00000235aaa2ee20 nmethod 14684 0x00000235957db210 code [0x00000235957db3c0, 0x00000235957db5d8]
Event: 315.147 Thread 0x00000235aaa2ee20 14676       3       org.gradle.api.internal.artifacts.ivyservice.resolveengine.artifact.DefaultArtifactSet::<init> (32 bytes)
Event: 315.148 Thread 0x00000235aaa2ee20 nmethod 14676 0x00000235957db690 code [0x00000235957db840, 0x00000235957dbb78]
Event: 315.148 Thread 0x00000235aaa2ee20 14677       3       org.gradle.internal.component.model.DefaultComponentGraphResolveState$ExternalArtifactResolveMetadata::getAttributesSchema (10 bytes)
Event: 315.148 Thread 0x00000235aaa2ee20 nmethod 14677 0x00000235957dbc90 code [0x00000235957dbe40, 0x00000235957dc008]
Event: 315.148 Thread 0x00000235aaa2ee20 14685       3       org.gradle.internal.resolve.resolver.DefaultArtifactSelector$$Lambda$761/0x00000235ac5b46a8::isSatisfiedBy (16 bytes)
Event: 315.148 Thread 0x00000235aaa2ee20 nmethod 14685 0x00000235957dc110 code [0x00000235957dc300, 0x00000235957dc8a8]
Event: 315.148 Thread 0x00000235aaa2ee20 14686       3       org.gradle.internal.resolve.resolver.DefaultArtifactSelector::lambda$toResolvedVariant$0 (32 bytes)
Event: 315.148 Thread 0x00000235aaa2ee20 nmethod 14686 0x00000235957dca90 code [0x00000235957dcc60, 0x00000235957dd088]
Event: 315.148 Thread 0x00000235aaa2ee20 14697       3       java.util.ArrayDeque::pop (5 bytes)

GC Heap History (20 events):
Event: 42.450 GC heap before
{Heap before GC invocations=48 (full 0):
 garbage-first heap   total 153600K, used 137714K [0x0000000080000000, 0x0000000100000000)
  region size 1024K, 21 young (21504K), 2 survivors (2048K)
 Metaspace       used 93583K, committed 94400K, reserved 557056K
  class space    used 13081K, committed 13440K, reserved 425984K
}
Event: 42.454 GC heap after
{Heap after GC invocations=49 (full 0):
 garbage-first heap   total 153600K, used 116280K [0x0000000080000000, 0x0000000100000000)
  region size 1024K, 3 young (3072K), 3 survivors (3072K)
 Metaspace       used 93583K, committed 94400K, reserved 557056K
  class space    used 13081K, committed 13440K, reserved 425984K
}
Event: 42.613 GC heap before
{Heap before GC invocations=49 (full 0):
 garbage-first heap   total 153600K, used 135736K [0x0000000080000000, 0x0000000100000000)
  region size 1024K, 19 young (19456K), 3 survivors (3072K)
 Metaspace       used 93636K, committed 94400K, reserved 557056K
  class space    used 13083K, committed 13440K, reserved 425984K
}
Event: 42.618 GC heap after
{Heap after GC invocations=50 (full 0):
 garbage-first heap   total 153600K, used 117854K [0x0000000080000000, 0x0000000100000000)
  region size 1024K, 2 young (2048K), 2 survivors (2048K)
 Metaspace       used 93636K, committed 94400K, reserved 557056K
  class space    used 13083K, committed 13440K, reserved 425984K
}
Event: 42.849 GC heap before
{Heap before GC invocations=50 (full 0):
 garbage-first heap   total 153600K, used 135262K [0x0000000080000000, 0x0000000100000000)
  region size 1024K, 16 young (16384K), 2 survivors (2048K)
 Metaspace       used 93706K, committed 94464K, reserved 557056K
  class space    used 13085K, committed 13440K, reserved 425984K
}
Event: 42.852 GC heap after
{Heap after GC invocations=51 (full 0):
 garbage-first heap   total 153600K, used 119115K [0x0000000080000000, 0x0000000100000000)
  region size 1024K, 2 young (2048K), 2 survivors (2048K)
 Metaspace       used 93706K, committed 94464K, reserved 557056K
  class space    used 13085K, committed 13440K, reserved 425984K
}
Event: 43.000 GC heap before
{Heap before GC invocations=51 (full 0):
 garbage-first heap   total 153600K, used 134475K [0x0000000080000000, 0x0000000100000000)
  region size 1024K, 15 young (15360K), 2 survivors (2048K)
 Metaspace       used 93785K, committed 94592K, reserved 557056K
  class space    used 13097K, committed 13504K, reserved 425984K
}
Event: 43.004 GC heap after
{Heap after GC invocations=52 (full 0):
 garbage-first heap   total 184320K, used 120364K [0x0000000080000000, 0x0000000100000000)
  region size 1024K, 2 young (2048K), 2 survivors (2048K)
 Metaspace       used 93785K, committed 94592K, reserved 557056K
  class space    used 13097K, committed 13504K, reserved 425984K
}
Event: 43.336 GC heap before
{Heap before GC invocations=52 (full 0):
 garbage-first heap   total 184320K, used 163372K [0x0000000080000000, 0x0000000100000000)
  region size 1024K, 38 young (38912K), 2 survivors (2048K)
 Metaspace       used 93938K, committed 94720K, reserved 557056K
  class space    used 13105K, committed 13504K, reserved 425984K
}
Event: 43.340 GC heap after
{Heap after GC invocations=53 (full 0):
 garbage-first heap   total 184320K, used 122697K [0x0000000080000000, 0x0000000100000000)
  region size 1024K, 4 young (4096K), 4 survivors (4096K)
 Metaspace       used 93938K, committed 94720K, reserved 557056K
  class space    used 13105K, committed 13504K, reserved 425984K
}
Event: 43.614 GC heap before
{Heap before GC invocations=53 (full 0):
 garbage-first heap   total 184320K, used 164681K [0x0000000080000000, 0x0000000100000000)
  region size 1024K, 38 young (38912K), 4 survivors (4096K)
 Metaspace       used 94126K, committed 94912K, reserved 557056K
  class space    used 13138K, committed 13504K, reserved 425984K
}
Event: 43.619 GC heap after
{Heap after GC invocations=54 (full 0):
 garbage-first heap   total 184320K, used 125278K [0x0000000080000000, 0x0000000100000000)
  region size 1024K, 5 young (5120K), 5 survivors (5120K)
 Metaspace       used 94126K, committed 94912K, reserved 557056K
  class space    used 13138K, committed 13504K, reserved 425984K
}
Event: 43.855 GC heap before
{Heap before GC invocations=54 (full 0):
 garbage-first heap   total 184320K, used 161118K [0x0000000080000000, 0x0000000100000000)
  region size 1024K, 37 young (37888K), 5 survivors (5120K)
 Metaspace       used 94168K, committed 94912K, reserved 557056K
  class space    used 13139K, committed 13504K, reserved 425984K
}
Event: 43.863 GC heap after
{Heap after GC invocations=55 (full 0):
 garbage-first heap   total 184320K, used 127634K [0x0000000080000000, 0x0000000100000000)
  region size 1024K, 5 young (5120K), 5 survivors (5120K)
 Metaspace       used 94168K, committed 94912K, reserved 557056K
  class space    used 13139K, committed 13504K, reserved 425984K
}
Event: 44.181 GC heap before
{Heap before GC invocations=55 (full 0):
 garbage-first heap   total 184320K, used 158354K [0x0000000080000000, 0x0000000100000000)
  region size 1024K, 36 young (36864K), 5 survivors (5120K)
 Metaspace       used 94194K, committed 94976K, reserved 557056K
  class space    used 13140K, committed 13504K, reserved 425984K
}
Event: 44.186 GC heap after
{Heap after GC invocations=56 (full 0):
 garbage-first heap   total 184320K, used 128989K [0x0000000080000000, 0x0000000100000000)
  region size 1024K, 4 young (4096K), 4 survivors (4096K)
 Metaspace       used 94194K, committed 94976K, reserved 557056K
  class space    used 13140K, committed 13504K, reserved 425984K
}
Event: 44.454 GC heap before
{Heap before GC invocations=56 (full 0):
 garbage-first heap   total 184320K, used 159709K [0x0000000080000000, 0x0000000100000000)
  region size 1024K, 28 young (28672K), 4 survivors (4096K)
 Metaspace       used 94551K, committed 95360K, reserved 557056K
  class space    used 13183K, committed 13568K, reserved 425984K
}
Event: 44.459 GC heap after
{Heap after GC invocations=57 (full 0):
 garbage-first heap   total 221184K, used 134550K [0x0000000080000000, 0x0000000100000000)
  region size 1024K, 3 young (3072K), 3 survivors (3072K)
 Metaspace       used 94551K, committed 95360K, reserved 557056K
  class space    used 13183K, committed 13568K, reserved 425984K
}
Event: 312.383 GC heap before
{Heap before GC invocations=57 (full 0):
 garbage-first heap   total 221184K, used 187798K [0x0000000080000000, 0x0000000100000000)
  region size 1024K, 54 young (55296K), 3 survivors (3072K)
 Metaspace       used 97392K, committed 98176K, reserved 557056K
  class space    used 13480K, committed 13888K, reserved 425984K
}
Event: 312.388 GC heap after
{Heap after GC invocations=58 (full 0):
 garbage-first heap   total 221184K, used 133144K [0x0000000080000000, 0x0000000100000000)
  region size 1024K, 6 young (6144K), 6 survivors (6144K)
 Metaspace       used 97392K, committed 98176K, reserved 557056K
  class space    used 13480K, committed 13888K, reserved 425984K
}

Dll operation events (14 events):
Event: 0.008 Loaded shared library C:\Program Files\Microsoft\jdk-17.0.8.7-hotspot\bin\java.dll
Event: 0.026 Loaded shared library C:\Program Files\Microsoft\jdk-17.0.8.7-hotspot\bin\jsvml.dll
Event: 0.066 Loaded shared library C:\Program Files\Microsoft\jdk-17.0.8.7-hotspot\bin\zip.dll
Event: 0.069 Loaded shared library C:\Program Files\Microsoft\jdk-17.0.8.7-hotspot\bin\instrument.dll
Event: 0.073 Loaded shared library C:\Program Files\Microsoft\jdk-17.0.8.7-hotspot\bin\net.dll
Event: 0.074 Loaded shared library C:\Program Files\Microsoft\jdk-17.0.8.7-hotspot\bin\nio.dll
Event: 0.077 Loaded shared library C:\Program Files\Microsoft\jdk-17.0.8.7-hotspot\bin\zip.dll
Event: 0.263 Loaded shared library C:\Program Files\Microsoft\jdk-17.0.8.7-hotspot\bin\jimage.dll
Event: 0.395 Loaded shared library C:\Program Files\Microsoft\jdk-17.0.8.7-hotspot\bin\verify.dll
Event: 0.708 Loaded shared library C:\Users\ISL\.gradle\native\68d5fa5c4cc2d200863cafc0d521ce42e7d3e7ee720ec0a83991735586a16f82\windows-amd64\native-platform.dll
Event: 0.718 Loaded shared library C:\Users\ISL\.gradle\native\e376f236ea51e6404a007f0833ffe2c6e607c4080706a723a18a27aeea778392\windows-amd64\native-platform-file-events.dll
Event: 2.018 Loaded shared library C:\Program Files\Microsoft\jdk-17.0.8.7-hotspot\bin\management.dll
Event: 2.020 Loaded shared library C:\Program Files\Microsoft\jdk-17.0.8.7-hotspot\bin\management_ext.dll
Event: 2.476 Loaded shared library C:\Program Files\Microsoft\jdk-17.0.8.7-hotspot\bin\sunmscapi.dll

Deoptimization events (20 events):
Event: 314.874 Thread 0x00000235cd203200 Uncommon trap: trap_request=0xffffffc6 fr.pc=0x000002359c3086f4 relative=0x0000000000000234
Event: 314.874 Thread 0x00000235cd203200 Uncommon trap: reason=bimorphic_or_optimized_type_check action=maybe_recompile pc=0x000002359c3086f4 method=java.util.regex.Pattern$CharPredicate.lambda$negate$3(I)Z @ 2 c2
Event: 314.875 Thread 0x00000235cd203200 DEOPT PACKING pc=0x000002359c3086f4 sp=0x000000c2075f5630
Event: 314.875 Thread 0x00000235cd203200 DEOPT UNPACKING pc=0x000002359b5d69a3 sp=0x000000c2075f5560 mode 2
Event: 314.895 Thread 0x00000235cd203200 DEOPT PACKING pc=0x00000235946bc5b1 sp=0x000000c2075f7200
Event: 314.895 Thread 0x00000235cd203200 DEOPT UNPACKING pc=0x000002359b5d7143 sp=0x000000c2075f66f0 mode 0
Event: 314.942 Thread 0x00000235cd203200 Uncommon trap: trap_request=0xffffff76 fr.pc=0x000002359bed4eb4 relative=0x0000000000000454
Event: 314.942 Thread 0x00000235cd203200 Uncommon trap: reason=predicate action=maybe_recompile pc=0x000002359bed4eb4 method=com.google.common.collect.ImmutableCollection$Builder.addAll(Ljava/lang/Iterable;)Lcom/google/common/collect/ImmutableCollection$Builder; @ 13 c2
Event: 314.942 Thread 0x00000235cd203200 DEOPT PACKING pc=0x000002359bed4eb4 sp=0x000000c2075f7a90
Event: 314.942 Thread 0x00000235cd203200 DEOPT UNPACKING pc=0x000002359b5d69a3 sp=0x000000c2075f7a80 mode 2
Event: 314.980 Thread 0x00000235cd203200 DEOPT PACKING pc=0x0000023594b7bc6a sp=0x000000c2075f8130
Event: 314.980 Thread 0x00000235cd203200 DEOPT UNPACKING pc=0x000002359b5d7143 sp=0x000000c2075f7640 mode 0
Event: 315.115 Thread 0x00000235cd203200 Uncommon trap: trap_request=0xffffffc6 fr.pc=0x000002359c17ca44 relative=0x00000000000001a4
Event: 315.115 Thread 0x00000235cd203200 Uncommon trap: reason=bimorphic_or_optimized_type_check action=maybe_recompile pc=0x000002359c17ca44 method=org.gradle.internal.resources.ExclusiveAccessResourceLock.acquireLock()Z @ 22 c2
Event: 315.115 Thread 0x00000235cd203200 DEOPT PACKING pc=0x000002359c17ca44 sp=0x000000c2075f8fe0
Event: 315.115 Thread 0x00000235cd203200 DEOPT UNPACKING pc=0x000002359b5d69a3 sp=0x000000c2075f8fa0 mode 2
Event: 315.143 Thread 0x00000235cd203200 Uncommon trap: trap_request=0xffffffc6 fr.pc=0x000002359c17ca44 relative=0x00000000000001a4
Event: 315.143 Thread 0x00000235cd203200 Uncommon trap: reason=bimorphic_or_optimized_type_check action=maybe_recompile pc=0x000002359c17ca44 method=org.gradle.internal.resources.ExclusiveAccessResourceLock.acquireLock()Z @ 22 c2
Event: 315.143 Thread 0x00000235cd203200 DEOPT PACKING pc=0x000002359c17ca44 sp=0x000000c2075f8950
Event: 315.143 Thread 0x00000235cd203200 DEOPT UNPACKING pc=0x000002359b5d69a3 sp=0x000000c2075f8910 mode 2

Classes unloaded (0 events):
No events

Classes redefined (0 events):
No events

Internal exceptions (20 events):
Event: 45.874 Thread 0x00000235d029f910 Exception <a 'java/lang/NoSuchMethodError'{0x000000008c359378}: 'void java.lang.invoke.DirectMethodHandle$Holder.invokeStatic(java.lang.Object, java.lang.Object, java.lang.Object, int, java.lang.Object, java.lang.Object, java.lang.Object)'> (0x000000008c359378) 
thrown [s\src\hotspot\share\interpreter\linkResolver.cpp, line 759]
Event: 48.561 Thread 0x00000235aab4d4e0 Exception <a 'java/lang/NoSuchMethodError'{0x000000008c0fbf80}: 'void java.lang.invoke.DirectMethodHandle$Holder.invokeSpecial(java.lang.Object, java.lang.Object, int)'> (0x000000008c0fbf80) 
thrown [s\src\hotspot\share\interpreter\linkResolver.cpp, line 759]
Event: 48.785 Thread 0x00000235aab4d4e0 Implicit null exception at 0x000002359c04f90f to 0x000002359c04f95c
Event: 48.825 Thread 0x00000235aab4d4e0 Implicit null exception at 0x000002359c1b79ec to 0x000002359c1b7b24
Event: 312.345 Thread 0x00000235cd203200 Implicit null exception at 0x000002359c2ce4e0 to 0x000002359c2cf974
Event: 312.345 Thread 0x00000235cd203200 Implicit null exception at 0x000002359c34918d to 0x000002359c34a378
Event: 312.390 Thread 0x00000235cd203200 Exception <a 'sun/nio/fs/WindowsException'{0x000000008fd082c0}> (0x000000008fd082c0) 
thrown [s\src\hotspot\share\prims\jni.cpp, line 516]
Event: 312.391 Thread 0x00000235cd203200 Exception <a 'sun/nio/fs/WindowsException'{0x000000008fd09828}> (0x000000008fd09828) 
thrown [s\src\hotspot\share\prims\jni.cpp, line 516]
Event: 312.392 Thread 0x00000235cd203200 Exception <a 'sun/nio/fs/WindowsException'{0x000000008fd0aff8}> (0x000000008fd0aff8) 
thrown [s\src\hotspot\share\prims\jni.cpp, line 516]
Event: 312.392 Thread 0x00000235cd203200 Exception <a 'sun/nio/fs/WindowsException'{0x000000008fd0c560}> (0x000000008fd0c560) 
thrown [s\src\hotspot\share\prims\jni.cpp, line 516]
Event: 314.676 Thread 0x00000235cd203200 Exception <a 'sun/nio/fs/WindowsException'{0x000000008d684c48}> (0x000000008d684c48) 
thrown [s\src\hotspot\share\prims\jni.cpp, line 516]
Event: 314.677 Thread 0x00000235cd203200 Exception <a 'sun/nio/fs/WindowsException'{0x000000008d686458}> (0x000000008d686458) 
thrown [s\src\hotspot\share\prims\jni.cpp, line 516]
Event: 314.677 Thread 0x00000235cd203200 Exception <a 'sun/nio/fs/WindowsException'{0x000000008d687c68}> (0x000000008d687c68) 
thrown [s\src\hotspot\share\prims\jni.cpp, line 516]
Event: 314.678 Thread 0x00000235cd203200 Exception <a 'sun/nio/fs/WindowsException'{0x000000008d6896b8}> (0x000000008d6896b8) 
thrown [s\src\hotspot\share\prims\jni.cpp, line 516]
Event: 314.740 Thread 0x00000235cd203200 Exception <a 'sun/nio/fs/WindowsException'{0x000000008ca14050}> (0x000000008ca14050) 
thrown [s\src\hotspot\share\prims\jni.cpp, line 516]
Event: 314.740 Thread 0x00000235cd203200 Exception <a 'sun/nio/fs/WindowsException'{0x000000008ca14360}> (0x000000008ca14360) 
thrown [s\src\hotspot\share\prims\jni.cpp, line 516]
Event: 314.740 Thread 0x00000235cd203200 Exception <a 'sun/nio/fs/WindowsException'{0x000000008ca17408}> (0x000000008ca17408) 
thrown [s\src\hotspot\share\prims\jni.cpp, line 516]
Event: 314.741 Thread 0x00000235cd203200 Exception <a 'sun/nio/fs/WindowsException'{0x000000008ca17810}> (0x000000008ca17810) 
thrown [s\src\hotspot\share\prims\jni.cpp, line 516]
Event: 314.741 Thread 0x00000235cd203200 Exception <a 'sun/nio/fs/WindowsException'{0x000000008ca1c8b8}> (0x000000008ca1c8b8) 
thrown [s\src\hotspot\share\prims\jni.cpp, line 516]
Event: 314.741 Thread 0x00000235cd203200 Exception <a 'sun/nio/fs/WindowsException'{0x000000008ca1ccc0}> (0x000000008ca1ccc0) 
thrown [s\src\hotspot\share\prims\jni.cpp, line 516]

VM Operations (20 events):
Event: 221.072 Executing VM operation: Cleanup
Event: 221.073 Executing VM operation: Cleanup done
Event: 222.084 Executing VM operation: Cleanup
Event: 222.084 Executing VM operation: Cleanup done
Event: 292.698 Executing VM operation: Cleanup
Event: 292.698 Executing VM operation: Cleanup done
Event: 312.383 Executing VM operation: G1CollectForAllocation
Event: 312.388 Executing VM operation: G1CollectForAllocation done
Event: 313.393 Executing VM operation: Cleanup
Event: 313.394 Executing VM operation: Cleanup done
Event: 314.667 Executing VM operation: HandshakeAllThreads
Event: 314.667 Executing VM operation: HandshakeAllThreads done
Event: 314.667 Executing VM operation: Cleanup
Event: 314.667 Executing VM operation: Cleanup done
Event: 314.721 Executing VM operation: ICBufferFull
Event: 314.722 Executing VM operation: ICBufferFull done
Event: 314.927 Executing VM operation: ICBufferFull
Event: 314.928 Executing VM operation: ICBufferFull done
Event: 315.146 Executing VM operation: ICBufferFull
Event: 315.146 Executing VM operation: ICBufferFull done

Events (20 events):
Event: 314.846 Thread 0x00000235cd1fccc0 Thread added: 0x00000235cd1fccc0
Event: 314.847 Thread 0x00000235cd1ff030 Thread added: 0x00000235cd1ff030
Event: 314.848 Thread 0x00000235cd1fe100 Thread added: 0x00000235cd1fe100
Event: 314.849 Thread 0x00000235cd1feb20 Thread added: 0x00000235cd1feb20
Event: 314.849 Thread 0x00000235cd1ff540 Thread added: 0x00000235cd1ff540
Event: 314.850 Thread 0x00000235d0719ca0 Thread added: 0x00000235d0719ca0
Event: 314.851 Thread 0x00000235d0718350 Thread added: 0x00000235d0718350
Event: 314.936 Thread 0x00000235d0719280 Thread added: 0x00000235d0719280
Event: 315.117 Thread 0x00000235d071b5f0 Thread added: 0x00000235d071b5f0
Event: 315.118 Thread 0x00000235d0715fe0 Thread added: 0x00000235d0715fe0
Event: 315.118 Thread 0x00000235d0718d70 Thread added: 0x00000235d0718d70
Event: 315.118 Thread 0x00000235d071a6c0 Thread added: 0x00000235d071a6c0
Event: 315.145 Thread 0x00000235d071abd0 Thread added: 0x00000235d071abd0
Event: 315.146 Thread 0x00000235d0718860 Thread added: 0x00000235d0718860
Event: 315.146 Thread 0x00000235d0716a00 Thread added: 0x00000235d0716a00
Event: 315.147 Thread 0x00000235d071b0e0 Thread added: 0x00000235d071b0e0
Event: 315.147 Thread 0x00000235d071bb00 Thread added: 0x00000235d071bb00
Event: 315.147 Thread 0x00000235d0716f10 Thread added: 0x00000235d0716f10
Event: 315.147 Thread 0x00000235d071c010 Thread added: 0x00000235d071c010
Event: 315.147 Thread 0x00000235d071c520 Thread added: 0x00000235d071c520


Dynamic libraries:
0x00007ff7192c0000 - 0x00007ff7192ce000 	C:\Program Files\Microsoft\jdk-17.0.8.7-hotspot\bin\java.exe
0x00007ffa45190000 - 0x00007ffa45388000 	C:\Windows\SYSTEM32\ntdll.dll
0x00007ffa43330000 - 0x00007ffa433ed000 	C:\Windows\System32\KERNEL32.DLL
0x00007ffa42be0000 - 0x00007ffa42ed6000 	C:\Windows\System32\KERNELBASE.dll
0x00007ffa43090000 - 0x00007ffa43190000 	C:\Windows\System32\ucrtbase.dll
0x00007ffa287f0000 - 0x00007ffa28807000 	C:\Program Files\Microsoft\jdk-17.0.8.7-hotspot\bin\jli.dll
0x00007ffa1e4d0000 - 0x00007ffa1e4eb000 	C:\Program Files\Microsoft\jdk-17.0.8.7-hotspot\bin\VCRUNTIME140.dll
0x00007ffa43cd0000 - 0x00007ffa43e6e000 	C:\Windows\System32\USER32.dll
0x00007ffa2b0a0000 - 0x00007ffa2b33a000 	C:\Windows\WinSxS\amd64_microsoft.windows.common-controls_6595b64144ccf1df_6.0.19041.3636_none_60b6a03d71f818d5\COMCTL32.dll
0x00007ffa43030000 - 0x00007ffa43052000 	C:\Windows\System32\win32u.dll
0x00007ffa43b70000 - 0x00007ffa43c0e000 	C:\Windows\System32\msvcrt.dll
0x00007ffa441d0000 - 0x00007ffa441fc000 	C:\Windows\System32\GDI32.dll
0x00007ffa42960000 - 0x00007ffa42a7a000 	C:\Windows\System32\gdi32full.dll
0x00007ffa42f90000 - 0x00007ffa4302d000 	C:\Windows\System32\msvcp_win.dll
0x00007ffa43b40000 - 0x00007ffa43b70000 	C:\Windows\System32\IMM32.DLL
0x00007ffa35eb0000 - 0x00007ffa35ebc000 	C:\Program Files\Microsoft\jdk-17.0.8.7-hotspot\bin\vcruntime140_1.dll
0x00007ff9c7800000 - 0x00007ff9c788d000 	C:\Program Files\Microsoft\jdk-17.0.8.7-hotspot\bin\msvcp140.dll
0x00007ff9c1ec0000 - 0x00007ff9c2b25000 	C:\Program Files\Microsoft\jdk-17.0.8.7-hotspot\bin\server\jvm.dll
0x00007ffa44ad0000 - 0x00007ffa44b83000 	C:\Windows\System32\ADVAPI32.dll
0x00007ffa431e0000 - 0x00007ffa4327f000 	C:\Windows\System32\sechost.dll
0x00007ffa44e70000 - 0x00007ffa44f96000 	C:\Windows\System32\RPCRT4.dll
0x00007ffa43060000 - 0x00007ffa43087000 	C:\Windows\System32\bcrypt.dll
0x00007ffa41dc0000 - 0x00007ffa41e0b000 	C:\Windows\SYSTEM32\POWRPROF.dll
0x00007ffa29b90000 - 0x00007ffa29b99000 	C:\Windows\SYSTEM32\WSOCK32.dll
0x00007ffa29f50000 - 0x00007ffa29f77000 	C:\Windows\SYSTEM32\WINMM.dll
0x00007ffa2ea10000 - 0x00007ffa2ea1a000 	C:\Windows\SYSTEM32\VERSION.dll
0x00007ffa44930000 - 0x00007ffa4499b000 	C:\Windows\System32\WS2_32.dll
0x00007ffa41c30000 - 0x00007ffa41c42000 	C:\Windows\SYSTEM32\UMPDC.dll
0x00007ffa41060000 - 0x00007ffa41072000 	C:\Windows\SYSTEM32\kernel.appcore.dll
0x00007ffa1f0a0000 - 0x00007ffa1f0aa000 	C:\Program Files\Microsoft\jdk-17.0.8.7-hotspot\bin\jimage.dll
0x00007ffa3d580000 - 0x00007ffa3d764000 	C:\Windows\SYSTEM32\DBGHELP.DLL
0x00007ffa195e0000 - 0x00007ffa19614000 	C:\Windows\SYSTEM32\dbgcore.DLL
0x00007ffa428d0000 - 0x00007ffa42952000 	C:\Windows\System32\bcryptPrimitives.dll
0x00007ffa2dcc0000 - 0x00007ffa2dcce000 	C:\Program Files\Microsoft\jdk-17.0.8.7-hotspot\bin\instrument.dll
0x00007ff9f6cf0000 - 0x00007ff9f6d15000 	C:\Program Files\Microsoft\jdk-17.0.8.7-hotspot\bin\java.dll
0x00007ff9c7600000 - 0x00007ff9c76d7000 	C:\Program Files\Microsoft\jdk-17.0.8.7-hotspot\bin\jsvml.dll
0x00007ffa433f0000 - 0x00007ffa43b35000 	C:\Windows\System32\SHELL32.dll
0x00007ffa3d770000 - 0x00007ffa3df0b000 	C:\Windows\SYSTEM32\windows.storage.dll
0x00007ffa43e70000 - 0x00007ffa441c4000 	C:\Windows\System32\combase.dll
0x00007ffa421b0000 - 0x00007ffa421dd000 	C:\Windows\SYSTEM32\Wldp.dll
0x00007ffa43280000 - 0x00007ffa4332d000 	C:\Windows\System32\SHCORE.dll
0x00007ffa43c10000 - 0x00007ffa43c65000 	C:\Windows\System32\shlwapi.dll
0x00007ffa42790000 - 0x00007ffa427b5000 	C:\Windows\SYSTEM32\profapi.dll
0x00007ffa02cb0000 - 0x00007ffa02cc8000 	C:\Program Files\Microsoft\jdk-17.0.8.7-hotspot\bin\zip.dll
0x00007ffa1b880000 - 0x00007ffa1b899000 	C:\Program Files\Microsoft\jdk-17.0.8.7-hotspot\bin\net.dll
0x00007ffa36c00000 - 0x00007ffa36d0a000 	C:\Windows\SYSTEM32\WINHTTP.dll
0x00007ffa41f90000 - 0x00007ffa41ffa000 	C:\Windows\system32\mswsock.dll
0x00007ffa15b90000 - 0x00007ffa15ba6000 	C:\Program Files\Microsoft\jdk-17.0.8.7-hotspot\bin\nio.dll
0x00007ffa1c730000 - 0x00007ffa1c740000 	C:\Program Files\Microsoft\jdk-17.0.8.7-hotspot\bin\verify.dll
0x00007ff9eed60000 - 0x00007ff9eed87000 	C:\Users\ISL\.gradle\native\68d5fa5c4cc2d200863cafc0d521ce42e7d3e7ee720ec0a83991735586a16f82\windows-amd64\native-platform.dll
0x00007ff9c74b0000 - 0x00007ff9c75f4000 	C:\Users\ISL\.gradle\native\e376f236ea51e6404a007f0833ffe2c6e607c4080706a723a18a27aeea778392\windows-amd64\native-platform-file-events.dll
0x00007ffa1ad30000 - 0x00007ffa1ad39000 	C:\Program Files\Microsoft\jdk-17.0.8.7-hotspot\bin\management.dll
0x00007ffa1ab70000 - 0x00007ffa1ab7b000 	C:\Program Files\Microsoft\jdk-17.0.8.7-hotspot\bin\management_ext.dll
0x00007ffa44e60000 - 0x00007ffa44e68000 	C:\Windows\System32\PSAPI.DLL
0x00007ffa421f0000 - 0x00007ffa42208000 	C:\Windows\SYSTEM32\CRYPTSP.dll
0x00007ffa41870000 - 0x00007ffa418a4000 	C:\Windows\system32\rsaenh.dll
0x00007ffa42710000 - 0x00007ffa4273e000 	C:\Windows\SYSTEM32\USERENV.dll
0x00007ffa42120000 - 0x00007ffa4212c000 	C:\Windows\SYSTEM32\CRYPTBASE.dll
0x00007ffa41c50000 - 0x00007ffa41c8b000 	C:\Windows\SYSTEM32\IPHLPAPI.DLL
0x00007ffa44200000 - 0x00007ffa44208000 	C:\Windows\System32\NSI.dll
0x00007ffa37790000 - 0x00007ffa377a7000 	C:\Windows\SYSTEM32\dhcpcsvc6.DLL
0x00007ffa37770000 - 0x00007ffa3778d000 	C:\Windows\SYSTEM32\dhcpcsvc.DLL
0x00007ffa41ca0000 - 0x00007ffa41d6a000 	C:\Windows\SYSTEM32\DNSAPI.dll
0x00007ffa19880000 - 0x00007ffa1988e000 	C:\Program Files\Microsoft\jdk-17.0.8.7-hotspot\bin\sunmscapi.dll
0x00007ffa42a80000 - 0x00007ffa42bdd000 	C:\Windows\System32\CRYPT32.dll
0x00007ffa42300000 - 0x00007ffa42328000 	C:\Windows\SYSTEM32\ncrypt.dll
0x00007ffa422c0000 - 0x00007ffa422fb000 	C:\Windows\SYSTEM32\NTASN1.dll
0x00007ffa1f460000 - 0x00007ffa1f467000 	C:\Windows\system32\wshunix.dll
0x00007ffa26180000 - 0x00007ffa26197000 	C:\Windows\system32\napinsp.dll
0x00007ffa17520000 - 0x00007ffa1753b000 	C:\Windows\system32\pnrpnsp.dll
0x00007ffa39940000 - 0x00007ffa39955000 	C:\Windows\system32\wshbth.dll
0x00007ffa3a770000 - 0x00007ffa3a78d000 	C:\Windows\system32\NLAapi.dll
0x00007ff9f6c40000 - 0x00007ff9f6c52000 	C:\Windows\System32\winrnr.dll
0x00007ffa37760000 - 0x00007ffa3776a000 	C:\Windows\System32\rasadhlp.dll
0x00007ffa34570000 - 0x00007ffa345f0000 	C:\Windows\System32\fwpuclnt.dll

dbghelp: loaded successfully - version: 4.0.5 - missing functions: none
symbol engine: initialized successfully - sym options: 0x614 - pdb path: .;C:\Program Files\Microsoft\jdk-17.0.8.7-hotspot\bin;C:\Windows\SYSTEM32;C:\Windows\WinSxS\amd64_microsoft.windows.common-controls_6595b64144ccf1df_6.0.19041.3636_none_60b6a03d71f818d5;C:\Program Files\Microsoft\jdk-17.0.8.7-hotspot\bin\server;C:\Users\ISL\.gradle\native\68d5fa5c4cc2d200863cafc0d521ce42e7d3e7ee720ec0a83991735586a16f82\windows-amd64;C:\Users\ISL\.gradle\native\e376f236ea51e6404a007f0833ffe2c6e607c4080706a723a18a27aeea778392\windows-amd64

VM Arguments:
jvm_args: -XX:MaxMetaspaceSize=512m --add-opens=java.base/java.util=ALL-UNNAMED --add-opens=java.base/java.lang=ALL-UNNAMED --add-opens=java.base/java.lang.invoke=ALL-UNNAMED --add-opens=java.prefs/java.util.prefs=ALL-UNNAMED --add-opens=java.base/java.nio.charset=ALL-UNNAMED --add-opens=java.base/java.net=ALL-UNNAMED --add-opens=java.base/java.util.concurrent.atomic=ALL-UNNAMED -Xmx2048m -Dfile.encoding=windows-1252 -Duser.country=US -Duser.language=en -Duser.variant -javaagent:C:\Users\ISL\.gradle\wrapper\dists\gradle-8.3-all\6en3ugtfdg5xnpx44z4qbwgas\gradle-8.3\lib\agents\gradle-instrumentation-agent-8.3.jar 
java_command: org.gradle.launcher.daemon.bootstrap.GradleDaemon 8.3
java_class_path (initial): C:\Users\ISL\.gradle\wrapper\dists\gradle-8.3-all\6en3ugtfdg5xnpx44z4qbwgas\gradle-8.3\lib\gradle-launcher-8.3.jar
Launcher Type: SUN_STANDARD

[Global flags]
     intx CICompilerCount                          = 4                                         {product} {ergonomic}
   size_t CompressedClassSpaceSize                 = 436207616                                 {product} {ergonomic}
     uint ConcGCThreads                            = 2                                         {product} {ergonomic}
     uint G1ConcRefinementThreads                  = 8                                         {product} {ergonomic}
   size_t G1HeapRegionSize                         = 1048576                                   {product} {ergonomic}
    uintx GCDrainStackTargetSize                   = 64                                        {product} {ergonomic}
   size_t InitialHeapSize                          = 266338304                                 {product} {ergonomic}
   size_t MarkStackSize                            = 4194304                                   {product} {ergonomic}
   size_t MaxHeapSize                              = 2147483648                                {product} {command line}
   size_t MaxMetaspaceSize                         = 536870912                                 {product} {command line}
   size_t MaxNewSize                               = 1287651328                                {product} {ergonomic}
   size_t MinHeapDeltaBytes                        = 1048576                                   {product} {ergonomic}
   size_t MinHeapSize                              = 8388608                                   {product} {ergonomic}
    uintx NonNMethodCodeHeapSize                   = 5839372                                {pd product} {ergonomic}
    uintx NonProfiledCodeHeapSize                  = 122909434                              {pd product} {ergonomic}
    uintx ProfiledCodeHeapSize                     = 122909434                              {pd product} {ergonomic}
    uintx ReservedCodeCacheSize                    = 251658240                              {pd product} {ergonomic}
     bool SegmentedCodeCache                       = true                                      {product} {ergonomic}
   size_t SoftMaxHeapSize                          = 2147483648                             {manageable} {ergonomic}
     bool UseCompressedClassPointers               = true                           {product lp64_product} {ergonomic}
     bool UseCompressedOops                        = true                           {product lp64_product} {ergonomic}
     bool UseG1GC                                  = true                                      {product} {ergonomic}
     bool UseLargePagesIndividualAllocation        = false                                  {pd product} {ergonomic}

Logging:
Log output configuration:
 #0: stdout all=warning uptime,level,tags
 #1: stderr all=off uptime,level,tags

Environment Variables:
JAVA_HOME=C:\Program Files\Microsoft\jdk-17.0.8.7-hotspot\
CLASSPATH=C:\Users\ISL\Documents\biometricAuthentication\android\\gradle\wrapper\gradle-wrapper.jar
PATH=C:\Users\ISL\Documents\biometricAuthentication\node_modules\.bin;C:\Users\ISL\Documents\biometricAuthentication\node_modules\.bin;C:\Users\ISL\Documents\node_modules\.bin;C:\Users\ISL\node_modules\.bin;C:\Users\node_modules\.bin;C:\node_modules\.bin;C:\Program Files\nodejs\node_modules\npm\node_modules\@npmcli\run-script\lib\node-gyp-bin;C:\Users\ISL\Documents\biometricAuthentication\node_modules\.bin;C:\Users\ISL\Documents\node_modules\.bin;C:\Users\ISL\node_modules\.bin;C:\Users\node_modules\.bin;C:\node_modules\.bin;C:\Program Files\nodejs\node_modules\npm\node_modules\@npmcli\run-script\lib\node-gyp-bin;C:\Program Files\Microsoft\jdk-17.0.8.7-hotspot\bin;C:\Windows\system32;C:\Windows;C:\Windows\System32\Wbem;C:\Windows\System32\WindowsPowerShell\v1.0\;C:\Windows\System32\OpenSSH\;C:\Program Files\nodejs\;C:\ProgramData\chocolatey\bin;C:\Users\ISL\AppData\Local\Android\Sdk\platform-tools;C:\Program Files\Git\cmd;C:\xampp\php;C:\ProgramData\ComposerSetup\bin;C:\xampp\mysql\bin;C:\Users\ISL\AppData\Local\Microsoft\WindowsApps;;C:\Users\ISL\AppData\Local\Programs\Microsoft VS Code\bin;C:\Users\ISL\AppData\Roaming\npm;C:\Users\ISL\AppData\Roaming\Composer\vendor\bin
USERNAME=ISL
OS=Windows_NT
PROCESSOR_IDENTIFIER=Intel64 Family 6 Model 142 Stepping 10, GenuineIntel
TMP=C:\Users\ISL\AppData\Local\Temp
TEMP=C:\Users\ISL\AppData\Local\Temp



---------------  S Y S T E M  ---------------

OS:
 Windows 10 , 64 bit Build 19041 (10.0.19041.3636)
OS uptime: 9 days 3:16 hours
Hyper-V role detected

CPU: total 8 (initial active 8) (4 cores per cpu, 2 threads per core) family 6 model 142 stepping 10 microcode 0xb4, cx8, cmov, fxsr, ht, mmx, 3dnowpref, sse, sse2, sse3, ssse3, sse4.1, sse4.2, popcnt, lzcnt, tsc, tscinvbit, avx, avx2, aes, erms, clmul, bmi1, bmi2, rtm, adx, fma, vzeroupper, clflush, clflushopt, hv
Processor Information for all 8 processors :
  Max Mhz: 1896, Current Mhz: 1696, Mhz Limit: 1687

Memory: 4k page, system-wide physical 16227M (9495M free)
TotalPageFile size 20523M (AvailPageFile size 10500M)
current process WorkingSet (physical memory assigned to process): 501M, peak: 501M
current process commit charge ("private bytes"): 544M, peak: 544M

vm_info: OpenJDK 64-Bit Server VM (17.0.8+7-LTS) for windows-amd64 JRE (17.0.8+7-LTS), built on Jul  7 2023 17:21:55 by "MicrosoftCorporation" with MS VC++ 16.10 / 16.11 (VS2019)

END.
